
<?xml version="1.0" encoding="UTF-8"?>
<GL_MarketDocument xmlns="urn:iec62325.351:tc57wg16:451-6:generationloaddocument:3:0">
	<mRID>0c3981deee8043a8b85346d47b89d9fb</mRID>
	<revisionNumber>1</revisionNumber>
	<type>A75</type>
	<process.processType>A16</process.processType>
	<sender_MarketParticipant.mRID codingScheme="A01">10X1001A1001A450</sender_MarketParticipant.mRID>
	<sender_MarketParticipant.marketRole.type>A32</sender_MarketParticipant.marketRole.type>
	<receiver_MarketParticipant.mRID codingScheme="A01">10X1001A1001A450</receiver_MarketParticipant.mRID>
	<receiver_MarketParticipant.marketRole.type>A33</receiver_MarketParticipant.marketRole.type>
	<createdDateTime>2021-03-11T17:42:45Z</createdDateTime>
	<time_Period.timeInterval>
		<start>2020-03-18T00:00Z</start>
		<end>2020-03-19T00:00Z</end>
	</time_Period.timeInterval>
	<TimeSeries>
		<mRID>1</mRID>
		<businessType>A01</businessType>
		<objectAggregation>A08</objectAggregation>
		<inBiddingZone_Domain.mRID codingScheme="A01">10YNL----------L</inBiddingZone_Domain.mRID>
		<quantity_Measure_Unit.name>MAW</quantity_Measure_Unit.name>
		<curveType>A01</curveType>
		<MktPSRType>
			<psrType>B01</psrType>
		</MktPSRType>
		<Period>
			<timeInterval>
				<start>2020-03-18T00:00Z</start>
				<end>2020-03-18T23:00Z</end>
			</timeInterval>
			<resolution>PT15M</resolution>
				<Point>
					<position>1</position>
                        <quantity>0</quantity>
				</Point>
				<Point>
					<position>2</position>
                        <quantity>0</quantity>
				</Point>
				<Point>
					<position>3</position>
                        <quantity>0</quantity>
				</Point>
				<Point>
					<position>4</position>
                        <quantity>0</quantity>
				</Point>
				<Point>
					<position>5</position>
                        <quantity>0</quantity>
				</Point>
				<Point>
					<position>6</position>
                        <quantity>0</quantity>
				</Point>
				<Point>
					<position>7</position>
                        <quantity>0</quantity>
				</Point>
				<Point>
					<position>8</position>
                        <quantity>0</quantity>
				</Point>
				<Point>
					<position>9</position>
                        <quantity>0</quantity>
				</Point>
				<Point>
					<position>10</position>
                        <quantity>0</quantity>
				</Point>
				<Point>
					<position>11</position>
                        <quantity>0</quantity>
				</Point>
				<Point>
					<position>12</position>
                        <quantity>0</quantity>
				</Point>
				<Point>
					<position>13</position>
                        <quantity>0</quantity>
				</Point>
				<Point>
					<position>14</position>
                        <quantity>0</quantity>
				</Point>
				<Point>
					<position>15</position>
                        <quantity>0</quantity>
				</Point>
				<Point>
					<position>16</position>
                        <quantity>0</quantity>
				</Point>
				<Point>
					<position>17</position>
                        <quantity>0</quantity>
				</Point>
				<Point>
					<position>18</position>
                        <quantity>0</quantity>
				</Point>
				<Point>
					<position>19</position>
                        <quantity>0</quantity>
				</Point>
				<Point>
					<position>20</position>
                        <quantity>0</quantity>
				</Point>
				<Point>
					<position>21</position>
                        <quantity>0</quantity>
				</Point>
				<Point>
					<position>22</position>
                        <quantity>0</quantity>
				</Point>
				<Point>
					<position>23</position>
                        <quantity>0</quantity>
				</Point>
				<Point>
					<position>24</position>
                        <quantity>0</quantity>
				</Point>
				<Point>
					<position>25</position>
                        <quantity>0</quantity>
				</Point>
				<Point>
					<position>26</position>
                        <quantity>0</quantity>
				</Point>
				<Point>
					<position>27</position>
                        <quantity>0</quantity>
				</Point>
				<Point>
					<position>28</position>
                        <quantity>0</quantity>
				</Point>
				<Point>
					<position>29</position>
                        <quantity>0</quantity>
				</Point>
				<Point>
					<position>30</position>
                        <quantity>0</quantity>
				</Point>
				<Point>
					<position>31</position>
                        <quantity>0</quantity>
				</Point>
				<Point>
					<position>32</position>
                        <quantity>0</quantity>
				</Point>
				<Point>
					<position>33</position>
                        <quantity>0</quantity>
				</Point>
				<Point>
					<position>34</position>
                        <quantity>0</quantity>
				</Point>
				<Point>
					<position>35</position>
                        <quantity>0</quantity>
				</Point>
				<Point>
					<position>36</position>
                        <quantity>0</quantity>
				</Point>
				<Point>
					<position>37</position>
                        <quantity>0</quantity>
				</Point>
				<Point>
					<position>38</position>
                        <quantity>0</quantity>
				</Point>
				<Point>
					<position>39</position>
                        <quantity>0</quantity>
				</Point>
				<Point>
					<position>40</position>
                        <quantity>0</quantity>
				</Point>
				<Point>
					<position>41</position>
                        <quantity>0</quantity>
				</Point>
				<Point>
					<position>42</position>
                        <quantity>0</quantity>
				</Point>
				<Point>
					<position>43</position>
                        <quantity>0</quantity>
				</Point>
				<Point>
					<position>44</position>
                        <quantity>0</quantity>
				</Point>
				<Point>
					<position>45</position>
                        <quantity>0</quantity>
				</Point>
				<Point>
					<position>46</position>
                        <quantity>0</quantity>
				</Point>
				<Point>
					<position>47</position>
                        <quantity>0</quantity>
				</Point>
				<Point>
					<position>48</position>
                        <quantity>0</quantity>
				</Point>
				<Point>
					<position>49</position>
                        <quantity>0</quantity>
				</Point>
				<Point>
					<position>50</position>
                        <quantity>0</quantity>
				</Point>
				<Point>
					<position>51</position>
                        <quantity>0</quantity>
				</Point>
				<Point>
					<position>52</position>
                        <quantity>0</quantity>
				</Point>
				<Point>
					<position>53</position>
                        <quantity>0</quantity>
				</Point>
				<Point>
					<position>54</position>
                        <quantity>0</quantity>
				</Point>
				<Point>
					<position>55</position>
                        <quantity>0</quantity>
				</Point>
				<Point>
					<position>56</position>
                        <quantity>0</quantity>
				</Point>
				<Point>
					<position>57</position>
                        <quantity>0</quantity>
				</Point>
				<Point>
					<position>58</position>
                        <quantity>0</quantity>
				</Point>
				<Point>
					<position>59</position>
                        <quantity>0</quantity>
				</Point>
				<Point>
					<position>60</position>
                        <quantity>0</quantity>
				</Point>
				<Point>
					<position>61</position>
                        <quantity>0</quantity>
				</Point>
				<Point>
					<position>62</position>
                        <quantity>0</quantity>
				</Point>
				<Point>
					<position>63</position>
                        <quantity>0</quantity>
				</Point>
				<Point>
					<position>64</position>
                        <quantity>0</quantity>
				</Point>
				<Point>
					<position>65</position>
                        <quantity>0</quantity>
				</Point>
				<Point>
					<position>66</position>
                        <quantity>0</quantity>
				</Point>
				<Point>
					<position>67</position>
                        <quantity>0</quantity>
				</Point>
				<Point>
					<position>68</position>
                        <quantity>0</quantity>
				</Point>
				<Point>
					<position>69</position>
                        <quantity>0</quantity>
				</Point>
				<Point>
					<position>70</position>
                        <quantity>0</quantity>
				</Point>
				<Point>
					<position>71</position>
                        <quantity>0</quantity>
				</Point>
				<Point>
					<position>72</position>
                        <quantity>0</quantity>
				</Point>
				<Point>
					<position>73</position>
                        <quantity>0</quantity>
				</Point>
				<Point>
					<position>74</position>
                        <quantity>0</quantity>
				</Point>
				<Point>
					<position>75</position>
                        <quantity>0</quantity>
				</Point>
				<Point>
					<position>76</position>
                        <quantity>0</quantity>
				</Point>
				<Point>
					<position>77</position>
                        <quantity>0</quantity>
				</Point>
				<Point>
					<position>78</position>
                        <quantity>0</quantity>
				</Point>
				<Point>
					<position>79</position>
                        <quantity>0</quantity>
				</Point>
				<Point>
					<position>80</position>
                        <quantity>0</quantity>
				</Point>
				<Point>
					<position>81</position>
                        <quantity>0</quantity>
				</Point>
				<Point>
					<position>82</position>
                        <quantity>0</quantity>
				</Point>
				<Point>
					<position>83</position>
                        <quantity>0</quantity>
				</Point>
				<Point>
					<position>84</position>
                        <quantity>0</quantity>
				</Point>
				<Point>
					<position>85</position>
                        <quantity>0</quantity>
				</Point>
				<Point>
					<position>86</position>
                        <quantity>0</quantity>
				</Point>
				<Point>
					<position>87</position>
                        <quantity>0</quantity>
				</Point>
				<Point>
					<position>88</position>
                        <quantity>0</quantity>
				</Point>
				<Point>
					<position>89</position>
                        <quantity>0</quantity>
				</Point>
				<Point>
					<position>90</position>
                        <quantity>0</quantity>
				</Point>
				<Point>
					<position>91</position>
                        <quantity>0</quantity>
				</Point>
				<Point>
					<position>92</position>
                        <quantity>0</quantity>
				</Point>
		</Period>
	</TimeSeries>
	<TimeSeries>
		<mRID>2</mRID>
		<businessType>A01</businessType>
		<objectAggregation>A08</objectAggregation>
		<outBiddingZone_Domain.mRID codingScheme="A01">10YNL----------L</outBiddingZone_Domain.mRID>
		<quantity_Measure_Unit.name>MAW</quantity_Measure_Unit.name>
		<curveType>A01</curveType>
		<MktPSRType>
			<psrType>B01</psrType>
		</MktPSRType>
		<Period>
			<timeInterval>
				<start>2020-03-18T00:00Z</start>
				<end>2020-03-18T23:00Z</end>
			</timeInterval>
			<resolution>PT15M</resolution>
				<Point>
					<position>1</position>
                        <quantity>1</quantity>
				</Point>
				<Point>
					<position>2</position>
                        <quantity>1</quantity>
				</Point>
				<Point>
					<position>3</position>
                        <quantity>1</quantity>
				</Point>
				<Point>
					<position>4</position>
                        <quantity>1</quantity>
				</Point>
				<Point>
					<position>5</position>
                        <quantity>1</quantity>
				</Point>
				<Point>
					<position>6</position>
                        <quantity>1</quantity>
				</Point>
				<Point>
					<position>7</position>
                        <quantity>1</quantity>
				</Point>
				<Point>
					<position>8</position>
                        <quantity>1</quantity>
				</Point>
				<Point>
					<position>9</position>
                        <quantity>1</quantity>
				</Point>
				<Point>
					<position>10</position>
                        <quantity>1</quantity>
				</Point>
				<Point>
					<position>11</position>
                        <quantity>1</quantity>
				</Point>
				<Point>
					<position>12</position>
                        <quantity>1</quantity>
				</Point>
				<Point>
					<position>13</position>
                        <quantity>1</quantity>
				</Point>
				<Point>
					<position>14</position>
                        <quantity>1</quantity>
				</Point>
				<Point>
					<position>15</position>
                        <quantity>1</quantity>
				</Point>
				<Point>
					<position>16</position>
                        <quantity>1</quantity>
				</Point>
				<Point>
					<position>17</position>
                        <quantity>1</quantity>
				</Point>
				<Point>
					<position>18</position>
                        <quantity>1</quantity>
				</Point>
				<Point>
					<position>19</position>
                        <quantity>1</quantity>
				</Point>
				<Point>
					<position>20</position>
                        <quantity>1</quantity>
				</Point>
				<Point>
					<position>21</position>
                        <quantity>1</quantity>
				</Point>
				<Point>
					<position>22</position>
                        <quantity>1</quantity>
				</Point>
				<Point>
					<position>23</position>
                        <quantity>1</quantity>
				</Point>
				<Point>
					<position>24</position>
                        <quantity>1</quantity>
				</Point>
				<Point>
					<position>25</position>
                        <quantity>1</quantity>
				</Point>
				<Point>
					<position>26</position>
                        <quantity>1</quantity>
				</Point>
				<Point>
					<position>27</position>
                        <quantity>1</quantity>
				</Point>
				<Point>
					<position>28</position>
                        <quantity>1</quantity>
				</Point>
				<Point>
					<position>29</position>
                        <quantity>0</quantity>
				</Point>
				<Point>
					<position>30</position>
                        <quantity>1</quantity>
				</Point>
				<Point>
					<position>31</position>
                        <quantity>1</quantity>
				</Point>
				<Point>
					<position>32</position>
                        <quantity>1</quantity>
				</Point>
				<Point>
					<position>33</position>
                        <quantity>1</quantity>
				</Point>
				<Point>
					<position>34</position>
                        <quantity>1</quantity>
				</Point>
				<Point>
					<position>35</position>
                        <quantity>1</quantity>
				</Point>
				<Point>
					<position>36</position>
                        <quantity>1</quantity>
				</Point>
				<Point>
					<position>37</position>
                        <quantity>1</quantity>
				</Point>
				<Point>
					<position>38</position>
                        <quantity>1</quantity>
				</Point>
				<Point>
					<position>39</position>
                        <quantity>1</quantity>
				</Point>
				<Point>
					<position>40</position>
                        <quantity>1</quantity>
				</Point>
				<Point>
					<position>41</position>
                        <quantity>1</quantity>
				</Point>
				<Point>
					<position>42</position>
                        <quantity>1</quantity>
				</Point>
				<Point>
					<position>43</position>
                        <quantity>0</quantity>
				</Point>
				<Point>
					<position>44</position>
                        <quantity>1</quantity>
				</Point>
				<Point>
					<position>45</position>
                        <quantity>1</quantity>
				</Point>
				<Point>
					<position>46</position>
                        <quantity>0</quantity>
				</Point>
				<Point>
					<position>47</position>
                        <quantity>0</quantity>
				</Point>
				<Point>
					<position>48</position>
                        <quantity>0</quantity>
				</Point>
				<Point>
					<position>49</position>
                        <quantity>0</quantity>
				</Point>
				<Point>
					<position>50</position>
                        <quantity>0</quantity>
				</Point>
				<Point>
					<position>51</position>
                        <quantity>0</quantity>
				</Point>
				<Point>
					<position>52</position>
                        <quantity>0</quantity>
				</Point>
				<Point>
					<position>53</position>
                        <quantity>0</quantity>
				</Point>
				<Point>
					<position>54</position>
                        <quantity>0</quantity>
				</Point>
				<Point>
					<position>55</position>
                        <quantity>0</quantity>
				</Point>
				<Point>
					<position>56</position>
                        <quantity>0</quantity>
				</Point>
				<Point>
					<position>57</position>
                        <quantity>0</quantity>
				</Point>
				<Point>
					<position>58</position>
                        <quantity>0</quantity>
				</Point>
				<Point>
					<position>59</position>
                        <quantity>0</quantity>
				</Point>
				<Point>
					<position>60</position>
                        <quantity>0</quantity>
				</Point>
				<Point>
					<position>61</position>
                        <quantity>0</quantity>
				</Point>
				<Point>
					<position>62</position>
                        <quantity>0</quantity>
				</Point>
				<Point>
					<position>63</position>
                        <quantity>0</quantity>
				</Point>
				<Point>
					<position>64</position>
                        <quantity>0</quantity>
				</Point>
				<Point>
					<position>65</position>
                        <quantity>0</quantity>
				</Point>
				<Point>
					<position>66</position>
                        <quantity>0</quantity>
				</Point>
				<Point>
					<position>67</position>
                        <quantity>0</quantity>
				</Point>
				<Point>
					<position>68</position>
                        <quantity>0</quantity>
				</Point>
				<Point>
					<position>69</position>
                        <quantity>0</quantity>
				</Point>
				<Point>
					<position>70</position>
                        <quantity>0</quantity>
				</Point>
				<Point>
					<position>71</position>
                        <quantity>0</quantity>
				</Point>
				<Point>
					<position>72</position>
                        <quantity>0</quantity>
				</Point>
				<Point>
					<position>73</position>
                        <quantity>0</quantity>
				</Point>
				<Point>
					<position>74</position>
                        <quantity>0</quantity>
				</Point>
				<Point>
					<position>75</position>
                        <quantity>0</quantity>
				</Point>
				<Point>
					<position>76</position>
                        <quantity>0</quantity>
				</Point>
				<Point>
					<position>77</position>
                        <quantity>0</quantity>
				</Point>
				<Point>
					<position>78</position>
                        <quantity>0</quantity>
				</Point>
				<Point>
					<position>79</position>
                        <quantity>0</quantity>
				</Point>
				<Point>
					<position>80</position>
                        <quantity>0</quantity>
				</Point>
				<Point>
					<position>81</position>
                        <quantity>0</quantity>
				</Point>
				<Point>
					<position>82</position>
                        <quantity>0</quantity>
				</Point>
				<Point>
					<position>83</position>
                        <quantity>0</quantity>
				</Point>
				<Point>
					<position>84</position>
                        <quantity>0</quantity>
				</Point>
				<Point>
					<position>85</position>
                        <quantity>0</quantity>
				</Point>
				<Point>
					<position>86</position>
                        <quantity>0</quantity>
				</Point>
				<Point>
					<position>87</position>
                        <quantity>0</quantity>
				</Point>
				<Point>
					<position>88</position>
                        <quantity>0</quantity>
				</Point>
				<Point>
					<position>89</position>
                        <quantity>0</quantity>
				</Point>
				<Point>
					<position>90</position>
                        <quantity>0</quantity>
				</Point>
				<Point>
					<position>91</position>
                        <quantity>0</quantity>
				</Point>
				<Point>
					<position>92</position>
                        <quantity>0</quantity>
				</Point>
		</Period>
	</TimeSeries>
	<TimeSeries>
		<mRID>3</mRID>
		<businessType>A01</businessType>
		<objectAggregation>A08</objectAggregation>
		<inBiddingZone_Domain.mRID codingScheme="A01">10YNL----------L</inBiddingZone_Domain.mRID>
		<quantity_Measure_Unit.name>MAW</quantity_Measure_Unit.name>
		<curveType>A01</curveType>
		<MktPSRType>
			<psrType>B01</psrType>
		</MktPSRType>
		<Period>
			<timeInterval>
				<start>2020-03-18T23:00Z</start>
				<end>2020-03-19T00:00Z</end>
			</timeInterval>
			<resolution>PT15M</resolution>
				<Point>
					<position>1</position>
                        <quantity>0</quantity>
				</Point>
				<Point>
					<position>2</position>
                        <quantity>0</quantity>
				</Point>
				<Point>
					<position>3</position>
                        <quantity>0</quantity>
				</Point>
				<Point>
					<position>4</position>
                        <quantity>0</quantity>
				</Point>
		</Period>
	</TimeSeries>
	<TimeSeries>
		<mRID>4</mRID>
		<businessType>A01</businessType>
		<objectAggregation>A08</objectAggregation>
		<outBiddingZone_Domain.mRID codingScheme="A01">10YNL----------L</outBiddingZone_Domain.mRID>
		<quantity_Measure_Unit.name>MAW</quantity_Measure_Unit.name>
		<curveType>A01</curveType>
		<MktPSRType>
			<psrType>B01</psrType>
		</MktPSRType>
		<Period>
			<timeInterval>
				<start>2020-03-18T23:00Z</start>
				<end>2020-03-19T00:00Z</end>
			</timeInterval>
			<resolution>PT15M</resolution>
				<Point>
					<position>1</position>
                        <quantity>0</quantity>
				</Point>
				<Point>
					<position>2</position>
                        <quantity>0</quantity>
				</Point>
				<Point>
					<position>3</position>
                        <quantity>0</quantity>
				</Point>
				<Point>
					<position>4</position>
                        <quantity>0</quantity>
				</Point>
		</Period>
	</TimeSeries>
	<TimeSeries>
		<mRID>5</mRID>
		<businessType>A01</businessType>
		<objectAggregation>A08</objectAggregation>
		<inBiddingZone_Domain.mRID codingScheme="A01">10YNL----------L</inBiddingZone_Domain.mRID>
		<quantity_Measure_Unit.name>MAW</quantity_Measure_Unit.name>
		<curveType>A01</curveType>
		<MktPSRType>
			<psrType>B04</psrType>
		</MktPSRType>
		<Period>
			<timeInterval>
				<start>2020-03-18T00:00Z</start>
				<end>2020-03-18T23:00Z</end>
			</timeInterval>
			<resolution>PT15M</resolution>
				<Point>
					<position>1</position>
                        <quantity>5046</quantity>
				</Point>
				<Point>
					<position>2</position>
                        <quantity>5023</quantity>
				</Point>
				<Point>
					<position>3</position>
                        <quantity>4999</quantity>
				</Point>
				<Point>
					<position>4</position>
                        <quantity>4863</quantity>
				</Point>
				<Point>
					<position>5</position>
                        <quantity>4742</quantity>
				</Point>
				<Point>
					<position>6</position>
                        <quantity>4806</quantity>
				</Point>
				<Point>
					<position>7</position>
                        <quantity>4799</quantity>
				</Point>
				<Point>
					<position>8</position>
                        <quantity>4752</quantity>
				</Point>
				<Point>
					<position>9</position>
                        <quantity>4703</quantity>
				</Point>
				<Point>
					<position>10</position>
                        <quantity>4721</quantity>
				</Point>
				<Point>
					<position>11</position>
                        <quantity>4718</quantity>
				</Point>
				<Point>
					<position>12</position>
                        <quantity>4709</quantity>
				</Point>
				<Point>
					<position>13</position>
                        <quantity>4703</quantity>
				</Point>
				<Point>
					<position>14</position>
                        <quantity>4709</quantity>
				</Point>
				<Point>
					<position>15</position>
                        <quantity>4718</quantity>
				</Point>
				<Point>
					<position>16</position>
                        <quantity>4704</quantity>
				</Point>
				<Point>
					<position>17</position>
                        <quantity>4715</quantity>
				</Point>
				<Point>
					<position>18</position>
                        <quantity>4816</quantity>
				</Point>
				<Point>
					<position>19</position>
                        <quantity>4900</quantity>
				</Point>
				<Point>
					<position>20</position>
                        <quantity>5085</quantity>
				</Point>
				<Point>
					<position>21</position>
                        <quantity>5233</quantity>
				</Point>
				<Point>
					<position>22</position>
                        <quantity>5363</quantity>
				</Point>
				<Point>
					<position>23</position>
                        <quantity>5567</quantity>
				</Point>
				<Point>
					<position>24</position>
                        <quantity>5564</quantity>
				</Point>
				<Point>
					<position>25</position>
                        <quantity>5198</quantity>
				</Point>
				<Point>
					<position>26</position>
                        <quantity>5343</quantity>
				</Point>
				<Point>
					<position>27</position>
                        <quantity>5386</quantity>
				</Point>
				<Point>
					<position>28</position>
                        <quantity>5476</quantity>
				</Point>
				<Point>
					<position>29</position>
                        <quantity>5365</quantity>
				</Point>
				<Point>
					<position>30</position>
                        <quantity>5277</quantity>
				</Point>
				<Point>
					<position>31</position>
                        <quantity>5202</quantity>
				</Point>
				<Point>
					<position>32</position>
                        <quantity>5139</quantity>
				</Point>
				<Point>
					<position>33</position>
                        <quantity>5132</quantity>
				</Point>
				<Point>
					<position>34</position>
                        <quantity>5137</quantity>
				</Point>
				<Point>
					<position>35</position>
                        <quantity>5000</quantity>
				</Point>
				<Point>
					<position>36</position>
                        <quantity>4849</quantity>
				</Point>
				<Point>
					<position>37</position>
                        <quantity>4697</quantity>
				</Point>
				<Point>
					<position>38</position>
                        <quantity>4876</quantity>
				</Point>
				<Point>
					<position>39</position>
                        <quantity>4863</quantity>
				</Point>
				<Point>
					<position>40</position>
                        <quantity>4825</quantity>
				</Point>
				<Point>
					<position>41</position>
                        <quantity>4949</quantity>
				</Point>
				<Point>
					<position>42</position>
                        <quantity>4908</quantity>
				</Point>
				<Point>
					<position>43</position>
                        <quantity>4780</quantity>
				</Point>
				<Point>
					<position>44</position>
                        <quantity>4820</quantity>
				</Point>
				<Point>
					<position>45</position>
                        <quantity>4672</quantity>
				</Point>
				<Point>
					<position>46</position>
                        <quantity>4667</quantity>
				</Point>
				<Point>
					<position>47</position>
                        <quantity>4598</quantity>
				</Point>
				<Point>
					<position>48</position>
                        <quantity>4613</quantity>
				</Point>
				<Point>
					<position>49</position>
                        <quantity>4853</quantity>
				</Point>
				<Point>
					<position>50</position>
                        <quantity>4915</quantity>
				</Point>
				<Point>
					<position>51</position>
                        <quantity>4921</quantity>
				</Point>
				<Point>
					<position>52</position>
                        <quantity>4978</quantity>
				</Point>
				<Point>
					<position>53</position>
                        <quantity>5053</quantity>
				</Point>
				<Point>
					<position>54</position>
                        <quantity>5039</quantity>
				</Point>
				<Point>
					<position>55</position>
                        <quantity>5042</quantity>
				</Point>
				<Point>
					<position>56</position>
                        <quantity>5063</quantity>
				</Point>
				<Point>
					<position>57</position>
                        <quantity>5414</quantity>
				</Point>
				<Point>
					<position>58</position>
                        <quantity>5545</quantity>
				</Point>
				<Point>
					<position>59</position>
                        <quantity>5613</quantity>
				</Point>
				<Point>
					<position>60</position>
                        <quantity>5791</quantity>
				</Point>
				<Point>
					<position>61</position>
                        <quantity>5897</quantity>
				</Point>
				<Point>
					<position>62</position>
                        <quantity>5930</quantity>
				</Point>
				<Point>
					<position>63</position>
                        <quantity>6037</quantity>
				</Point>
				<Point>
					<position>64</position>
                        <quantity>6032</quantity>
				</Point>
				<Point>
					<position>65</position>
                        <quantity>6326</quantity>
				</Point>
				<Point>
					<position>66</position>
                        <quantity>6561</quantity>
				</Point>
				<Point>
					<position>67</position>
                        <quantity>6655</quantity>
				</Point>
				<Point>
					<position>68</position>
                        <quantity>6822</quantity>
				</Point>
				<Point>
					<position>69</position>
                        <quantity>6934</quantity>
				</Point>
				<Point>
					<position>70</position>
                        <quantity>6942</quantity>
				</Point>
				<Point>
					<position>71</position>
                        <quantity>6966</quantity>
				</Point>
				<Point>
					<position>72</position>
                        <quantity>7165</quantity>
				</Point>
				<Point>
					<position>73</position>
                        <quantity>6838</quantity>
				</Point>
				<Point>
					<position>74</position>
                        <quantity>7088</quantity>
				</Point>
				<Point>
					<position>75</position>
                        <quantity>6980</quantity>
				</Point>
				<Point>
					<position>76</position>
                        <quantity>6969</quantity>
				</Point>
				<Point>
					<position>77</position>
                        <quantity>6971</quantity>
				</Point>
				<Point>
					<position>78</position>
                        <quantity>6897</quantity>
				</Point>
				<Point>
					<position>79</position>
                        <quantity>6805</quantity>
				</Point>
				<Point>
					<position>80</position>
                        <quantity>6688</quantity>
				</Point>
				<Point>
					<position>81</position>
                        <quantity>6721</quantity>
				</Point>
				<Point>
					<position>82</position>
                        <quantity>6768</quantity>
				</Point>
				<Point>
					<position>83</position>
                        <quantity>6612</quantity>
				</Point>
				<Point>
					<position>84</position>
                        <quantity>6093</quantity>
				</Point>
				<Point>
					<position>85</position>
                        <quantity>6718</quantity>
				</Point>
				<Point>
					<position>86</position>
                        <quantity>6898</quantity>
				</Point>
				<Point>
					<position>87</position>
                        <quantity>6881</quantity>
				</Point>
				<Point>
					<position>88</position>
                        <quantity>6853</quantity>
				</Point>
				<Point>
					<position>89</position>
                        <quantity>6927</quantity>
				</Point>
				<Point>
					<position>90</position>
                        <quantity>6851</quantity>
				</Point>
				<Point>
					<position>91</position>
                        <quantity>6779</quantity>
				</Point>
				<Point>
					<position>92</position>
                        <quantity>6647</quantity>
				</Point>
		</Period>
	</TimeSeries>
	<TimeSeries>
		<mRID>6</mRID>
		<businessType>A01</businessType>
		<objectAggregation>A08</objectAggregation>
		<outBiddingZone_Domain.mRID codingScheme="A01">10YNL----------L</outBiddingZone_Domain.mRID>
		<quantity_Measure_Unit.name>MAW</quantity_Measure_Unit.name>
		<curveType>A01</curveType>
		<MktPSRType>
			<psrType>B04</psrType>
		</MktPSRType>
		<Period>
			<timeInterval>
				<start>2020-03-18T00:00Z</start>
				<end>2020-03-18T23:00Z</end>
			</timeInterval>
			<resolution>PT15M</resolution>
				<Point>
					<position>1</position>
                        <quantity>848</quantity>
				</Point>
				<Point>
					<position>2</position>
                        <quantity>744</quantity>
				</Point>
				<Point>
					<position>3</position>
                        <quantity>717</quantity>
				</Point>
				<Point>
					<position>4</position>
                        <quantity>690</quantity>
				</Point>
				<Point>
					<position>5</position>
                        <quantity>681</quantity>
				</Point>
				<Point>
					<position>6</position>
                        <quantity>701</quantity>
				</Point>
				<Point>
					<position>7</position>
                        <quantity>696</quantity>
				</Point>
				<Point>
					<position>8</position>
                        <quantity>670</quantity>
				</Point>
				<Point>
					<position>9</position>
                        <quantity>675</quantity>
				</Point>
				<Point>
					<position>10</position>
                        <quantity>682</quantity>
				</Point>
				<Point>
					<position>11</position>
                        <quantity>682</quantity>
				</Point>
				<Point>
					<position>12</position>
                        <quantity>682</quantity>
				</Point>
				<Point>
					<position>13</position>
                        <quantity>679</quantity>
				</Point>
				<Point>
					<position>14</position>
                        <quantity>688</quantity>
				</Point>
				<Point>
					<position>15</position>
                        <quantity>699</quantity>
				</Point>
				<Point>
					<position>16</position>
                        <quantity>715</quantity>
				</Point>
				<Point>
					<position>17</position>
                        <quantity>655</quantity>
				</Point>
				<Point>
					<position>18</position>
                        <quantity>690</quantity>
				</Point>
				<Point>
					<position>19</position>
                        <quantity>727</quantity>
				</Point>
				<Point>
					<position>20</position>
                        <quantity>727</quantity>
				</Point>
				<Point>
					<position>21</position>
                        <quantity>678</quantity>
				</Point>
				<Point>
					<position>22</position>
                        <quantity>713</quantity>
				</Point>
				<Point>
					<position>23</position>
                        <quantity>776</quantity>
				</Point>
				<Point>
					<position>24</position>
                        <quantity>777</quantity>
				</Point>
				<Point>
					<position>25</position>
                        <quantity>701</quantity>
				</Point>
				<Point>
					<position>26</position>
                        <quantity>740</quantity>
				</Point>
				<Point>
					<position>27</position>
                        <quantity>775</quantity>
				</Point>
				<Point>
					<position>28</position>
                        <quantity>776</quantity>
				</Point>
				<Point>
					<position>29</position>
                        <quantity>778</quantity>
				</Point>
				<Point>
					<position>30</position>
                        <quantity>777</quantity>
				</Point>
				<Point>
					<position>31</position>
                        <quantity>776</quantity>
				</Point>
				<Point>
					<position>32</position>
                        <quantity>776</quantity>
				</Point>
				<Point>
					<position>33</position>
                        <quantity>775</quantity>
				</Point>
				<Point>
					<position>34</position>
                        <quantity>775</quantity>
				</Point>
				<Point>
					<position>35</position>
                        <quantity>775</quantity>
				</Point>
				<Point>
					<position>36</position>
                        <quantity>761</quantity>
				</Point>
				<Point>
					<position>37</position>
                        <quantity>649</quantity>
				</Point>
				<Point>
					<position>38</position>
                        <quantity>637</quantity>
				</Point>
				<Point>
					<position>39</position>
                        <quantity>638</quantity>
				</Point>
				<Point>
					<position>40</position>
                        <quantity>601</quantity>
				</Point>
				<Point>
					<position>41</position>
                        <quantity>624</quantity>
				</Point>
				<Point>
					<position>42</position>
                        <quantity>621</quantity>
				</Point>
				<Point>
					<position>43</position>
                        <quantity>619</quantity>
				</Point>
				<Point>
					<position>44</position>
                        <quantity>602</quantity>
				</Point>
				<Point>
					<position>45</position>
                        <quantity>599</quantity>
				</Point>
				<Point>
					<position>46</position>
                        <quantity>596</quantity>
				</Point>
				<Point>
					<position>47</position>
                        <quantity>596</quantity>
				</Point>
				<Point>
					<position>48</position>
                        <quantity>612</quantity>
				</Point>
				<Point>
					<position>49</position>
                        <quantity>698</quantity>
				</Point>
				<Point>
					<position>50</position>
                        <quantity>715</quantity>
				</Point>
				<Point>
					<position>51</position>
                        <quantity>715</quantity>
				</Point>
				<Point>
					<position>52</position>
                        <quantity>710</quantity>
				</Point>
				<Point>
					<position>53</position>
                        <quantity>645</quantity>
				</Point>
				<Point>
					<position>54</position>
                        <quantity>630</quantity>
				</Point>
				<Point>
					<position>55</position>
                        <quantity>626</quantity>
				</Point>
				<Point>
					<position>56</position>
                        <quantity>626</quantity>
				</Point>
				<Point>
					<position>57</position>
                        <quantity>743</quantity>
				</Point>
				<Point>
					<position>58</position>
                        <quantity>766</quantity>
				</Point>
				<Point>
					<position>59</position>
                        <quantity>767</quantity>
				</Point>
				<Point>
					<position>60</position>
                        <quantity>769</quantity>
				</Point>
				<Point>
					<position>61</position>
                        <quantity>769</quantity>
				</Point>
				<Point>
					<position>62</position>
                        <quantity>772</quantity>
				</Point>
				<Point>
					<position>63</position>
                        <quantity>779</quantity>
				</Point>
				<Point>
					<position>64</position>
                        <quantity>850</quantity>
				</Point>
				<Point>
					<position>65</position>
                        <quantity>995</quantity>
				</Point>
				<Point>
					<position>66</position>
                        <quantity>1284</quantity>
				</Point>
				<Point>
					<position>67</position>
                        <quantity>1411</quantity>
				</Point>
				<Point>
					<position>68</position>
                        <quantity>1427</quantity>
				</Point>
				<Point>
					<position>69</position>
                        <quantity>1478</quantity>
				</Point>
				<Point>
					<position>70</position>
                        <quantity>1500</quantity>
				</Point>
				<Point>
					<position>71</position>
                        <quantity>1509</quantity>
				</Point>
				<Point>
					<position>72</position>
                        <quantity>1510</quantity>
				</Point>
				<Point>
					<position>73</position>
                        <quantity>1512</quantity>
				</Point>
				<Point>
					<position>74</position>
                        <quantity>1509</quantity>
				</Point>
				<Point>
					<position>75</position>
                        <quantity>1506</quantity>
				</Point>
				<Point>
					<position>76</position>
                        <quantity>1506</quantity>
				</Point>
				<Point>
					<position>77</position>
                        <quantity>1507</quantity>
				</Point>
				<Point>
					<position>78</position>
                        <quantity>1506</quantity>
				</Point>
				<Point>
					<position>79</position>
                        <quantity>1505</quantity>
				</Point>
				<Point>
					<position>80</position>
                        <quantity>1501</quantity>
				</Point>
				<Point>
					<position>81</position>
                        <quantity>1501</quantity>
				</Point>
				<Point>
					<position>82</position>
                        <quantity>1503</quantity>
				</Point>
				<Point>
					<position>83</position>
                        <quantity>1499</quantity>
				</Point>
				<Point>
					<position>84</position>
                        <quantity>1491</quantity>
				</Point>
				<Point>
					<position>85</position>
                        <quantity>1498</quantity>
				</Point>
				<Point>
					<position>86</position>
                        <quantity>1503</quantity>
				</Point>
				<Point>
					<position>87</position>
                        <quantity>1475</quantity>
				</Point>
				<Point>
					<position>88</position>
                        <quantity>1471</quantity>
				</Point>
				<Point>
					<position>89</position>
                        <quantity>1499</quantity>
				</Point>
				<Point>
					<position>90</position>
                        <quantity>1511</quantity>
				</Point>
				<Point>
					<position>91</position>
                        <quantity>1508</quantity>
				</Point>
				<Point>
					<position>92</position>
                        <quantity>1474</quantity>
				</Point>
		</Period>
	</TimeSeries>
	<TimeSeries>
		<mRID>7</mRID>
		<businessType>A01</businessType>
		<objectAggregation>A08</objectAggregation>
		<inBiddingZone_Domain.mRID codingScheme="A01">10YNL----------L</inBiddingZone_Domain.mRID>
		<quantity_Measure_Unit.name>MAW</quantity_Measure_Unit.name>
		<curveType>A01</curveType>
		<MktPSRType>
			<psrType>B04</psrType>
		</MktPSRType>
		<Period>
			<timeInterval>
				<start>2020-03-18T23:00Z</start>
				<end>2020-03-19T00:00Z</end>
			</timeInterval>
			<resolution>PT15M</resolution>
				<Point>
					<position>1</position>
                        <quantity>6714</quantity>
				</Point>
				<Point>
					<position>2</position>
                        <quantity>6817</quantity>
				</Point>
				<Point>
					<position>3</position>
                        <quantity>6753</quantity>
				</Point>
				<Point>
					<position>4</position>
                        <quantity>6730</quantity>
				</Point>
		</Period>
	</TimeSeries>
	<TimeSeries>
		<mRID>8</mRID>
		<businessType>A01</businessType>
		<objectAggregation>A08</objectAggregation>
		<outBiddingZone_Domain.mRID codingScheme="A01">10YNL----------L</outBiddingZone_Domain.mRID>
		<quantity_Measure_Unit.name>MAW</quantity_Measure_Unit.name>
		<curveType>A01</curveType>
		<MktPSRType>
			<psrType>B04</psrType>
		</MktPSRType>
		<Period>
			<timeInterval>
				<start>2020-03-18T23:00Z</start>
				<end>2020-03-19T00:00Z</end>
			</timeInterval>
			<resolution>PT15M</resolution>
				<Point>
					<position>1</position>
                        <quantity>1479</quantity>
				</Point>
				<Point>
					<position>2</position>
                        <quantity>1515</quantity>
				</Point>
				<Point>
					<position>3</position>
                        <quantity>1482</quantity>
				</Point>
				<Point>
					<position>4</position>
                        <quantity>1479</quantity>
				</Point>
		</Period>
	</TimeSeries>
	<TimeSeries>
		<mRID>9</mRID>
		<businessType>A01</businessType>
		<objectAggregation>A08</objectAggregation>
		<inBiddingZone_Domain.mRID codingScheme="A01">10YNL----------L</inBiddingZone_Domain.mRID>
		<quantity_Measure_Unit.name>MAW</quantity_Measure_Unit.name>
		<curveType>A01</curveType>
		<MktPSRType>
			<psrType>B05</psrType>
		</MktPSRType>
		<Period>
			<timeInterval>
				<start>2020-03-18T00:00Z</start>
				<end>2020-03-18T23:00Z</end>
			</timeInterval>
			<resolution>PT15M</resolution>
				<Point>
					<position>1</position>
                        <quantity>1221</quantity>
				</Point>
				<Point>
					<position>2</position>
                        <quantity>1185</quantity>
				</Point>
				<Point>
					<position>3</position>
                        <quantity>1183</quantity>
				</Point>
				<Point>
					<position>4</position>
                        <quantity>1179</quantity>
				</Point>
				<Point>
					<position>5</position>
                        <quantity>1176</quantity>
				</Point>
				<Point>
					<position>6</position>
                        <quantity>1182</quantity>
				</Point>
				<Point>
					<position>7</position>
                        <quantity>1177</quantity>
				</Point>
				<Point>
					<position>8</position>
                        <quantity>1175</quantity>
				</Point>
				<Point>
					<position>9</position>
                        <quantity>1181</quantity>
				</Point>
				<Point>
					<position>10</position>
                        <quantity>1172</quantity>
				</Point>
				<Point>
					<position>11</position>
                        <quantity>1170</quantity>
				</Point>
				<Point>
					<position>12</position>
                        <quantity>1179</quantity>
				</Point>
				<Point>
					<position>13</position>
                        <quantity>1175</quantity>
				</Point>
				<Point>
					<position>14</position>
                        <quantity>1175</quantity>
				</Point>
				<Point>
					<position>15</position>
                        <quantity>1181</quantity>
				</Point>
				<Point>
					<position>16</position>
                        <quantity>1184</quantity>
				</Point>
				<Point>
					<position>17</position>
                        <quantity>1200</quantity>
				</Point>
				<Point>
					<position>18</position>
                        <quantity>1186</quantity>
				</Point>
				<Point>
					<position>19</position>
                        <quantity>1188</quantity>
				</Point>
				<Point>
					<position>20</position>
                        <quantity>1195</quantity>
				</Point>
				<Point>
					<position>21</position>
                        <quantity>1220</quantity>
				</Point>
				<Point>
					<position>22</position>
                        <quantity>1274</quantity>
				</Point>
				<Point>
					<position>23</position>
                        <quantity>1267</quantity>
				</Point>
				<Point>
					<position>24</position>
                        <quantity>1271</quantity>
				</Point>
				<Point>
					<position>25</position>
                        <quantity>1308</quantity>
				</Point>
				<Point>
					<position>26</position>
                        <quantity>1401</quantity>
				</Point>
				<Point>
					<position>27</position>
                        <quantity>1396</quantity>
				</Point>
				<Point>
					<position>28</position>
                        <quantity>1404</quantity>
				</Point>
				<Point>
					<position>29</position>
                        <quantity>1483</quantity>
				</Point>
				<Point>
					<position>30</position>
                        <quantity>1486</quantity>
				</Point>
				<Point>
					<position>31</position>
                        <quantity>1446</quantity>
				</Point>
				<Point>
					<position>32</position>
                        <quantity>1450</quantity>
				</Point>
				<Point>
					<position>33</position>
                        <quantity>1447</quantity>
				</Point>
				<Point>
					<position>34</position>
                        <quantity>1446</quantity>
				</Point>
				<Point>
					<position>35</position>
                        <quantity>1437</quantity>
				</Point>
				<Point>
					<position>36</position>
                        <quantity>1439</quantity>
				</Point>
				<Point>
					<position>37</position>
                        <quantity>1441</quantity>
				</Point>
				<Point>
					<position>38</position>
                        <quantity>1438</quantity>
				</Point>
				<Point>
					<position>39</position>
                        <quantity>1423</quantity>
				</Point>
				<Point>
					<position>40</position>
                        <quantity>1338</quantity>
				</Point>
				<Point>
					<position>41</position>
                        <quantity>1347</quantity>
				</Point>
				<Point>
					<position>42</position>
                        <quantity>1435</quantity>
				</Point>
				<Point>
					<position>43</position>
                        <quantity>1451</quantity>
				</Point>
				<Point>
					<position>44</position>
                        <quantity>1436</quantity>
				</Point>
				<Point>
					<position>45</position>
                        <quantity>1340</quantity>
				</Point>
				<Point>
					<position>46</position>
                        <quantity>1246</quantity>
				</Point>
				<Point>
					<position>47</position>
                        <quantity>1243</quantity>
				</Point>
				<Point>
					<position>48</position>
                        <quantity>1247</quantity>
				</Point>
				<Point>
					<position>49</position>
                        <quantity>1242</quantity>
				</Point>
				<Point>
					<position>50</position>
                        <quantity>1239</quantity>
				</Point>
				<Point>
					<position>51</position>
                        <quantity>1240</quantity>
				</Point>
				<Point>
					<position>52</position>
                        <quantity>1240</quantity>
				</Point>
				<Point>
					<position>53</position>
                        <quantity>1242</quantity>
				</Point>
				<Point>
					<position>54</position>
                        <quantity>1242</quantity>
				</Point>
				<Point>
					<position>55</position>
                        <quantity>1240</quantity>
				</Point>
				<Point>
					<position>56</position>
                        <quantity>1241</quantity>
				</Point>
				<Point>
					<position>57</position>
                        <quantity>1243</quantity>
				</Point>
				<Point>
					<position>58</position>
                        <quantity>1237</quantity>
				</Point>
				<Point>
					<position>59</position>
                        <quantity>1238</quantity>
				</Point>
				<Point>
					<position>60</position>
                        <quantity>1252</quantity>
				</Point>
				<Point>
					<position>61</position>
                        <quantity>1346</quantity>
				</Point>
				<Point>
					<position>62</position>
                        <quantity>1340</quantity>
				</Point>
				<Point>
					<position>63</position>
                        <quantity>1408</quantity>
				</Point>
				<Point>
					<position>64</position>
                        <quantity>1501</quantity>
				</Point>
				<Point>
					<position>65</position>
                        <quantity>1630</quantity>
				</Point>
				<Point>
					<position>66</position>
                        <quantity>1656</quantity>
				</Point>
				<Point>
					<position>67</position>
                        <quantity>1618</quantity>
				</Point>
				<Point>
					<position>68</position>
                        <quantity>1615</quantity>
				</Point>
				<Point>
					<position>69</position>
                        <quantity>1717</quantity>
				</Point>
				<Point>
					<position>70</position>
                        <quantity>1751</quantity>
				</Point>
				<Point>
					<position>71</position>
                        <quantity>1754</quantity>
				</Point>
				<Point>
					<position>72</position>
                        <quantity>1747</quantity>
				</Point>
				<Point>
					<position>73</position>
                        <quantity>1757</quantity>
				</Point>
				<Point>
					<position>74</position>
                        <quantity>1760</quantity>
				</Point>
				<Point>
					<position>75</position>
                        <quantity>1763</quantity>
				</Point>
				<Point>
					<position>76</position>
                        <quantity>1768</quantity>
				</Point>
				<Point>
					<position>77</position>
                        <quantity>1738</quantity>
				</Point>
				<Point>
					<position>78</position>
                        <quantity>1686</quantity>
				</Point>
				<Point>
					<position>79</position>
                        <quantity>1682</quantity>
				</Point>
				<Point>
					<position>80</position>
                        <quantity>1688</quantity>
				</Point>
				<Point>
					<position>81</position>
                        <quantity>1574</quantity>
				</Point>
				<Point>
					<position>82</position>
                        <quantity>1561</quantity>
				</Point>
				<Point>
					<position>83</position>
                        <quantity>1597</quantity>
				</Point>
				<Point>
					<position>84</position>
                        <quantity>1604</quantity>
				</Point>
				<Point>
					<position>85</position>
                        <quantity>1492</quantity>
				</Point>
				<Point>
					<position>86</position>
                        <quantity>1459</quantity>
				</Point>
				<Point>
					<position>87</position>
                        <quantity>1440</quantity>
				</Point>
				<Point>
					<position>88</position>
                        <quantity>1434</quantity>
				</Point>
				<Point>
					<position>89</position>
                        <quantity>1410</quantity>
				</Point>
				<Point>
					<position>90</position>
                        <quantity>1557</quantity>
				</Point>
				<Point>
					<position>91</position>
                        <quantity>1569</quantity>
				</Point>
				<Point>
					<position>92</position>
                        <quantity>1567</quantity>
				</Point>
		</Period>
	</TimeSeries>
	<TimeSeries>
		<mRID>10</mRID>
		<businessType>A01</businessType>
		<objectAggregation>A08</objectAggregation>
		<outBiddingZone_Domain.mRID codingScheme="A01">10YNL----------L</outBiddingZone_Domain.mRID>
		<quantity_Measure_Unit.name>MAW</quantity_Measure_Unit.name>
		<curveType>A01</curveType>
		<MktPSRType>
			<psrType>B05</psrType>
		</MktPSRType>
		<Period>
			<timeInterval>
				<start>2020-03-18T00:00Z</start>
				<end>2020-03-18T23:00Z</end>
			</timeInterval>
			<resolution>PT15M</resolution>
				<Point>
					<position>1</position>
                        <quantity>14</quantity>
				</Point>
				<Point>
					<position>2</position>
                        <quantity>12</quantity>
				</Point>
				<Point>
					<position>3</position>
                        <quantity>13</quantity>
				</Point>
				<Point>
					<position>4</position>
                        <quantity>12</quantity>
				</Point>
				<Point>
					<position>5</position>
                        <quantity>12</quantity>
				</Point>
				<Point>
					<position>6</position>
                        <quantity>12</quantity>
				</Point>
				<Point>
					<position>7</position>
                        <quantity>11</quantity>
				</Point>
				<Point>
					<position>8</position>
                        <quantity>12</quantity>
				</Point>
				<Point>
					<position>9</position>
                        <quantity>11</quantity>
				</Point>
				<Point>
					<position>10</position>
                        <quantity>11</quantity>
				</Point>
				<Point>
					<position>11</position>
                        <quantity>11</quantity>
				</Point>
				<Point>
					<position>12</position>
                        <quantity>11</quantity>
				</Point>
				<Point>
					<position>13</position>
                        <quantity>11</quantity>
				</Point>
				<Point>
					<position>14</position>
                        <quantity>11</quantity>
				</Point>
				<Point>
					<position>15</position>
                        <quantity>11</quantity>
				</Point>
				<Point>
					<position>16</position>
                        <quantity>11</quantity>
				</Point>
				<Point>
					<position>17</position>
                        <quantity>11</quantity>
				</Point>
				<Point>
					<position>18</position>
                        <quantity>12</quantity>
				</Point>
				<Point>
					<position>19</position>
                        <quantity>12</quantity>
				</Point>
				<Point>
					<position>20</position>
                        <quantity>12</quantity>
				</Point>
				<Point>
					<position>21</position>
                        <quantity>11</quantity>
				</Point>
				<Point>
					<position>22</position>
                        <quantity>11</quantity>
				</Point>
				<Point>
					<position>23</position>
                        <quantity>11</quantity>
				</Point>
				<Point>
					<position>24</position>
                        <quantity>11</quantity>
				</Point>
				<Point>
					<position>25</position>
                        <quantity>12</quantity>
				</Point>
				<Point>
					<position>26</position>
                        <quantity>12</quantity>
				</Point>
				<Point>
					<position>27</position>
                        <quantity>11</quantity>
				</Point>
				<Point>
					<position>28</position>
                        <quantity>12</quantity>
				</Point>
				<Point>
					<position>29</position>
                        <quantity>12</quantity>
				</Point>
				<Point>
					<position>30</position>
                        <quantity>12</quantity>
				</Point>
				<Point>
					<position>31</position>
                        <quantity>12</quantity>
				</Point>
				<Point>
					<position>32</position>
                        <quantity>12</quantity>
				</Point>
				<Point>
					<position>33</position>
                        <quantity>12</quantity>
				</Point>
				<Point>
					<position>34</position>
                        <quantity>12</quantity>
				</Point>
				<Point>
					<position>35</position>
                        <quantity>12</quantity>
				</Point>
				<Point>
					<position>36</position>
                        <quantity>12</quantity>
				</Point>
				<Point>
					<position>37</position>
                        <quantity>12</quantity>
				</Point>
				<Point>
					<position>38</position>
                        <quantity>12</quantity>
				</Point>
				<Point>
					<position>39</position>
                        <quantity>12</quantity>
				</Point>
				<Point>
					<position>40</position>
                        <quantity>12</quantity>
				</Point>
				<Point>
					<position>41</position>
                        <quantity>12</quantity>
				</Point>
				<Point>
					<position>42</position>
                        <quantity>12</quantity>
				</Point>
				<Point>
					<position>43</position>
                        <quantity>11</quantity>
				</Point>
				<Point>
					<position>44</position>
                        <quantity>12</quantity>
				</Point>
				<Point>
					<position>45</position>
                        <quantity>12</quantity>
				</Point>
				<Point>
					<position>46</position>
                        <quantity>12</quantity>
				</Point>
				<Point>
					<position>47</position>
                        <quantity>12</quantity>
				</Point>
				<Point>
					<position>48</position>
                        <quantity>13</quantity>
				</Point>
				<Point>
					<position>49</position>
                        <quantity>12</quantity>
				</Point>
				<Point>
					<position>50</position>
                        <quantity>12</quantity>
				</Point>
				<Point>
					<position>51</position>
                        <quantity>12</quantity>
				</Point>
				<Point>
					<position>52</position>
                        <quantity>12</quantity>
				</Point>
				<Point>
					<position>53</position>
                        <quantity>12</quantity>
				</Point>
				<Point>
					<position>54</position>
                        <quantity>12</quantity>
				</Point>
				<Point>
					<position>55</position>
                        <quantity>12</quantity>
				</Point>
				<Point>
					<position>56</position>
                        <quantity>12</quantity>
				</Point>
				<Point>
					<position>57</position>
                        <quantity>12</quantity>
				</Point>
				<Point>
					<position>58</position>
                        <quantity>16</quantity>
				</Point>
				<Point>
					<position>59</position>
                        <quantity>17</quantity>
				</Point>
				<Point>
					<position>60</position>
                        <quantity>18</quantity>
				</Point>
				<Point>
					<position>61</position>
                        <quantity>20</quantity>
				</Point>
				<Point>
					<position>62</position>
                        <quantity>21</quantity>
				</Point>
				<Point>
					<position>63</position>
                        <quantity>22</quantity>
				</Point>
				<Point>
					<position>64</position>
                        <quantity>21</quantity>
				</Point>
				<Point>
					<position>65</position>
                        <quantity>21</quantity>
				</Point>
				<Point>
					<position>66</position>
                        <quantity>22</quantity>
				</Point>
				<Point>
					<position>67</position>
                        <quantity>23</quantity>
				</Point>
				<Point>
					<position>68</position>
                        <quantity>22</quantity>
				</Point>
				<Point>
					<position>69</position>
                        <quantity>23</quantity>
				</Point>
				<Point>
					<position>70</position>
                        <quantity>21</quantity>
				</Point>
				<Point>
					<position>71</position>
                        <quantity>21</quantity>
				</Point>
				<Point>
					<position>72</position>
                        <quantity>21</quantity>
				</Point>
				<Point>
					<position>73</position>
                        <quantity>21</quantity>
				</Point>
				<Point>
					<position>74</position>
                        <quantity>22</quantity>
				</Point>
				<Point>
					<position>75</position>
                        <quantity>25</quantity>
				</Point>
				<Point>
					<position>76</position>
                        <quantity>29</quantity>
				</Point>
				<Point>
					<position>77</position>
                        <quantity>33</quantity>
				</Point>
				<Point>
					<position>78</position>
                        <quantity>30</quantity>
				</Point>
				<Point>
					<position>79</position>
                        <quantity>29</quantity>
				</Point>
				<Point>
					<position>80</position>
                        <quantity>29</quantity>
				</Point>
				<Point>
					<position>81</position>
                        <quantity>29</quantity>
				</Point>
				<Point>
					<position>82</position>
                        <quantity>29</quantity>
				</Point>
				<Point>
					<position>83</position>
                        <quantity>28</quantity>
				</Point>
				<Point>
					<position>84</position>
                        <quantity>28</quantity>
				</Point>
				<Point>
					<position>85</position>
                        <quantity>28</quantity>
				</Point>
				<Point>
					<position>86</position>
                        <quantity>29</quantity>
				</Point>
				<Point>
					<position>87</position>
                        <quantity>29</quantity>
				</Point>
				<Point>
					<position>88</position>
                        <quantity>29</quantity>
				</Point>
				<Point>
					<position>89</position>
                        <quantity>29</quantity>
				</Point>
				<Point>
					<position>90</position>
                        <quantity>2</quantity>
				</Point>
				<Point>
					<position>91</position>
                        <quantity>2</quantity>
				</Point>
				<Point>
					<position>92</position>
                        <quantity>2</quantity>
				</Point>
		</Period>
	</TimeSeries>
	<TimeSeries>
		<mRID>11</mRID>
		<businessType>A01</businessType>
		<objectAggregation>A08</objectAggregation>
		<inBiddingZone_Domain.mRID codingScheme="A01">10YNL----------L</inBiddingZone_Domain.mRID>
		<quantity_Measure_Unit.name>MAW</quantity_Measure_Unit.name>
		<curveType>A01</curveType>
		<MktPSRType>
			<psrType>B05</psrType>
		</MktPSRType>
		<Period>
			<timeInterval>
				<start>2020-03-18T23:00Z</start>
				<end>2020-03-19T00:00Z</end>
			</timeInterval>
			<resolution>PT15M</resolution>
				<Point>
					<position>1</position>
                        <quantity>1486</quantity>
				</Point>
				<Point>
					<position>2</position>
                        <quantity>1440</quantity>
				</Point>
				<Point>
					<position>3</position>
                        <quantity>1478</quantity>
				</Point>
				<Point>
					<position>4</position>
                        <quantity>1482</quantity>
				</Point>
		</Period>
	</TimeSeries>
	<TimeSeries>
		<mRID>12</mRID>
		<businessType>A01</businessType>
		<objectAggregation>A08</objectAggregation>
		<outBiddingZone_Domain.mRID codingScheme="A01">10YNL----------L</outBiddingZone_Domain.mRID>
		<quantity_Measure_Unit.name>MAW</quantity_Measure_Unit.name>
		<curveType>A01</curveType>
		<MktPSRType>
			<psrType>B05</psrType>
		</MktPSRType>
		<Period>
			<timeInterval>
				<start>2020-03-18T23:00Z</start>
				<end>2020-03-19T00:00Z</end>
			</timeInterval>
			<resolution>PT15M</resolution>
				<Point>
					<position>1</position>
                        <quantity>3</quantity>
				</Point>
				<Point>
					<position>2</position>
                        <quantity>3</quantity>
				</Point>
				<Point>
					<position>3</position>
                        <quantity>2</quantity>
				</Point>
				<Point>
					<position>4</position>
                        <quantity>2</quantity>
				</Point>
		</Period>
	</TimeSeries>
	<TimeSeries>
		<mRID>13</mRID>
		<businessType>A01</businessType>
		<objectAggregation>A08</objectAggregation>
		<inBiddingZone_Domain.mRID codingScheme="A01">10YNL----------L</inBiddingZone_Domain.mRID>
		<quantity_Measure_Unit.name>MAW</quantity_Measure_Unit.name>
		<curveType>A01</curveType>
		<MktPSRType>
			<psrType>B11</psrType>
		</MktPSRType>
		<Period>
			<timeInterval>
				<start>2020-03-18T00:00Z</start>
				<end>2020-03-18T23:00Z</end>
			</timeInterval>
			<resolution>PT15M</resolution>
				<Point>
					<position>1</position>
                        <quantity>0</quantity>
				</Point>
				<Point>
					<position>2</position>
                        <quantity>0</quantity>
				</Point>
				<Point>
					<position>3</position>
                        <quantity>0</quantity>
				</Point>
				<Point>
					<position>4</position>
                        <quantity>0</quantity>
				</Point>
				<Point>
					<position>5</position>
                        <quantity>0</quantity>
				</Point>
				<Point>
					<position>6</position>
                        <quantity>0</quantity>
				</Point>
				<Point>
					<position>7</position>
                        <quantity>0</quantity>
				</Point>
				<Point>
					<position>8</position>
                        <quantity>0</quantity>
				</Point>
				<Point>
					<position>9</position>
                        <quantity>0</quantity>
				</Point>
				<Point>
					<position>10</position>
                        <quantity>0</quantity>
				</Point>
				<Point>
					<position>11</position>
                        <quantity>0</quantity>
				</Point>
				<Point>
					<position>12</position>
                        <quantity>0</quantity>
				</Point>
				<Point>
					<position>13</position>
                        <quantity>0</quantity>
				</Point>
				<Point>
					<position>14</position>
                        <quantity>0</quantity>
				</Point>
				<Point>
					<position>15</position>
                        <quantity>0</quantity>
				</Point>
				<Point>
					<position>16</position>
                        <quantity>0</quantity>
				</Point>
				<Point>
					<position>17</position>
                        <quantity>0</quantity>
				</Point>
				<Point>
					<position>18</position>
                        <quantity>0</quantity>
				</Point>
				<Point>
					<position>19</position>
                        <quantity>0</quantity>
				</Point>
				<Point>
					<position>20</position>
                        <quantity>0</quantity>
				</Point>
				<Point>
					<position>21</position>
                        <quantity>0</quantity>
				</Point>
				<Point>
					<position>22</position>
                        <quantity>0</quantity>
				</Point>
				<Point>
					<position>23</position>
                        <quantity>0</quantity>
				</Point>
				<Point>
					<position>24</position>
                        <quantity>0</quantity>
				</Point>
				<Point>
					<position>25</position>
                        <quantity>0</quantity>
				</Point>
				<Point>
					<position>26</position>
                        <quantity>0</quantity>
				</Point>
				<Point>
					<position>27</position>
                        <quantity>0</quantity>
				</Point>
				<Point>
					<position>28</position>
                        <quantity>0</quantity>
				</Point>
				<Point>
					<position>29</position>
                        <quantity>0</quantity>
				</Point>
				<Point>
					<position>30</position>
                        <quantity>0</quantity>
				</Point>
				<Point>
					<position>31</position>
                        <quantity>0</quantity>
				</Point>
				<Point>
					<position>32</position>
                        <quantity>0</quantity>
				</Point>
				<Point>
					<position>33</position>
                        <quantity>0</quantity>
				</Point>
				<Point>
					<position>34</position>
                        <quantity>0</quantity>
				</Point>
				<Point>
					<position>35</position>
                        <quantity>0</quantity>
				</Point>
				<Point>
					<position>36</position>
                        <quantity>0</quantity>
				</Point>
				<Point>
					<position>37</position>
                        <quantity>0</quantity>
				</Point>
				<Point>
					<position>38</position>
                        <quantity>0</quantity>
				</Point>
				<Point>
					<position>39</position>
                        <quantity>0</quantity>
				</Point>
				<Point>
					<position>40</position>
                        <quantity>0</quantity>
				</Point>
				<Point>
					<position>41</position>
                        <quantity>0</quantity>
				</Point>
				<Point>
					<position>42</position>
                        <quantity>0</quantity>
				</Point>
				<Point>
					<position>43</position>
                        <quantity>0</quantity>
				</Point>
				<Point>
					<position>44</position>
                        <quantity>0</quantity>
				</Point>
				<Point>
					<position>45</position>
                        <quantity>0</quantity>
				</Point>
				<Point>
					<position>46</position>
                        <quantity>0</quantity>
				</Point>
				<Point>
					<position>47</position>
                        <quantity>0</quantity>
				</Point>
				<Point>
					<position>48</position>
                        <quantity>0</quantity>
				</Point>
				<Point>
					<position>49</position>
                        <quantity>0</quantity>
				</Point>
				<Point>
					<position>50</position>
                        <quantity>0</quantity>
				</Point>
				<Point>
					<position>51</position>
                        <quantity>0</quantity>
				</Point>
				<Point>
					<position>52</position>
                        <quantity>0</quantity>
				</Point>
				<Point>
					<position>53</position>
                        <quantity>0</quantity>
				</Point>
				<Point>
					<position>54</position>
                        <quantity>0</quantity>
				</Point>
				<Point>
					<position>55</position>
                        <quantity>0</quantity>
				</Point>
				<Point>
					<position>56</position>
                        <quantity>0</quantity>
				</Point>
				<Point>
					<position>57</position>
                        <quantity>0</quantity>
				</Point>
				<Point>
					<position>58</position>
                        <quantity>0</quantity>
				</Point>
				<Point>
					<position>59</position>
                        <quantity>0</quantity>
				</Point>
				<Point>
					<position>60</position>
                        <quantity>0</quantity>
				</Point>
				<Point>
					<position>61</position>
                        <quantity>0</quantity>
				</Point>
				<Point>
					<position>62</position>
                        <quantity>0</quantity>
				</Point>
				<Point>
					<position>63</position>
                        <quantity>0</quantity>
				</Point>
				<Point>
					<position>64</position>
                        <quantity>0</quantity>
				</Point>
				<Point>
					<position>65</position>
                        <quantity>0</quantity>
				</Point>
				<Point>
					<position>66</position>
                        <quantity>0</quantity>
				</Point>
				<Point>
					<position>67</position>
                        <quantity>0</quantity>
				</Point>
				<Point>
					<position>68</position>
                        <quantity>0</quantity>
				</Point>
				<Point>
					<position>69</position>
                        <quantity>0</quantity>
				</Point>
				<Point>
					<position>70</position>
                        <quantity>0</quantity>
				</Point>
				<Point>
					<position>71</position>
                        <quantity>0</quantity>
				</Point>
				<Point>
					<position>72</position>
                        <quantity>0</quantity>
				</Point>
				<Point>
					<position>73</position>
                        <quantity>0</quantity>
				</Point>
				<Point>
					<position>74</position>
                        <quantity>0</quantity>
				</Point>
				<Point>
					<position>75</position>
                        <quantity>0</quantity>
				</Point>
				<Point>
					<position>76</position>
                        <quantity>0</quantity>
				</Point>
				<Point>
					<position>77</position>
                        <quantity>0</quantity>
				</Point>
				<Point>
					<position>78</position>
                        <quantity>0</quantity>
				</Point>
				<Point>
					<position>79</position>
                        <quantity>0</quantity>
				</Point>
				<Point>
					<position>80</position>
                        <quantity>0</quantity>
				</Point>
				<Point>
					<position>81</position>
                        <quantity>0</quantity>
				</Point>
				<Point>
					<position>82</position>
                        <quantity>0</quantity>
				</Point>
				<Point>
					<position>83</position>
                        <quantity>0</quantity>
				</Point>
				<Point>
					<position>84</position>
                        <quantity>0</quantity>
				</Point>
				<Point>
					<position>85</position>
                        <quantity>0</quantity>
				</Point>
				<Point>
					<position>86</position>
                        <quantity>0</quantity>
				</Point>
				<Point>
					<position>87</position>
                        <quantity>0</quantity>
				</Point>
				<Point>
					<position>88</position>
                        <quantity>0</quantity>
				</Point>
				<Point>
					<position>89</position>
                        <quantity>0</quantity>
				</Point>
				<Point>
					<position>90</position>
                        <quantity>0</quantity>
				</Point>
				<Point>
					<position>91</position>
                        <quantity>0</quantity>
				</Point>
				<Point>
					<position>92</position>
                        <quantity>0</quantity>
				</Point>
		</Period>
	</TimeSeries>
	<TimeSeries>
		<mRID>14</mRID>
		<businessType>A01</businessType>
		<objectAggregation>A08</objectAggregation>
		<inBiddingZone_Domain.mRID codingScheme="A01">10YNL----------L</inBiddingZone_Domain.mRID>
		<quantity_Measure_Unit.name>MAW</quantity_Measure_Unit.name>
		<curveType>A01</curveType>
		<MktPSRType>
			<psrType>B11</psrType>
		</MktPSRType>
		<Period>
			<timeInterval>
				<start>2020-03-18T23:00Z</start>
				<end>2020-03-19T00:00Z</end>
			</timeInterval>
			<resolution>PT15M</resolution>
				<Point>
					<position>1</position>
                        <quantity>0</quantity>
				</Point>
				<Point>
					<position>2</position>
                        <quantity>0</quantity>
				</Point>
				<Point>
					<position>3</position>
                        <quantity>0</quantity>
				</Point>
				<Point>
					<position>4</position>
                        <quantity>0</quantity>
				</Point>
		</Period>
	</TimeSeries>
	<TimeSeries>
		<mRID>15</mRID>
		<businessType>A01</businessType>
		<objectAggregation>A08</objectAggregation>
		<outBiddingZone_Domain.mRID codingScheme="A01">10YNL----------L</outBiddingZone_Domain.mRID>
		<quantity_Measure_Unit.name>MAW</quantity_Measure_Unit.name>
		<curveType>A01</curveType>
		<MktPSRType>
			<psrType>B11</psrType>
		</MktPSRType>
		<Period>
			<timeInterval>
				<start>2020-03-18T23:00Z</start>
				<end>2020-03-18T23:15Z</end>
			</timeInterval>
			<resolution>PT15M</resolution>
				<Point>
					<position>1</position>
                        <quantity>0</quantity>
				</Point>
		</Period>
	</TimeSeries>
	<TimeSeries>
		<mRID>16</mRID>
		<businessType>A01</businessType>
		<objectAggregation>A08</objectAggregation>
		<inBiddingZone_Domain.mRID codingScheme="A01">10YNL----------L</inBiddingZone_Domain.mRID>
		<quantity_Measure_Unit.name>MAW</quantity_Measure_Unit.name>
		<curveType>A01</curveType>
		<MktPSRType>
			<psrType>B14</psrType>
		</MktPSRType>
		<Period>
			<timeInterval>
				<start>2020-03-18T00:00Z</start>
				<end>2020-03-18T23:00Z</end>
			</timeInterval>
			<resolution>PT15M</resolution>
				<Point>
					<position>1</position>
                        <quantity>484</quantity>
				</Point>
				<Point>
					<position>2</position>
                        <quantity>484</quantity>
				</Point>
				<Point>
					<position>3</position>
                        <quantity>484</quantity>
				</Point>
				<Point>
					<position>4</position>
                        <quantity>484</quantity>
				</Point>
				<Point>
					<position>5</position>
                        <quantity>484</quantity>
				</Point>
				<Point>
					<position>6</position>
                        <quantity>484</quantity>
				</Point>
				<Point>
					<position>7</position>
                        <quantity>484</quantity>
				</Point>
				<Point>
					<position>8</position>
                        <quantity>484</quantity>
				</Point>
				<Point>
					<position>9</position>
                        <quantity>484</quantity>
				</Point>
				<Point>
					<position>10</position>
                        <quantity>484</quantity>
				</Point>
				<Point>
					<position>11</position>
                        <quantity>484</quantity>
				</Point>
				<Point>
					<position>12</position>
                        <quantity>484</quantity>
				</Point>
				<Point>
					<position>13</position>
                        <quantity>484</quantity>
				</Point>
				<Point>
					<position>14</position>
                        <quantity>484</quantity>
				</Point>
				<Point>
					<position>15</position>
                        <quantity>484</quantity>
				</Point>
				<Point>
					<position>16</position>
                        <quantity>484</quantity>
				</Point>
				<Point>
					<position>17</position>
                        <quantity>484</quantity>
				</Point>
				<Point>
					<position>18</position>
                        <quantity>484</quantity>
				</Point>
				<Point>
					<position>19</position>
                        <quantity>484</quantity>
				</Point>
				<Point>
					<position>20</position>
                        <quantity>484</quantity>
				</Point>
				<Point>
					<position>21</position>
                        <quantity>484</quantity>
				</Point>
				<Point>
					<position>22</position>
                        <quantity>484</quantity>
				</Point>
				<Point>
					<position>23</position>
                        <quantity>484</quantity>
				</Point>
				<Point>
					<position>24</position>
                        <quantity>484</quantity>
				</Point>
				<Point>
					<position>25</position>
                        <quantity>484</quantity>
				</Point>
				<Point>
					<position>26</position>
                        <quantity>484</quantity>
				</Point>
				<Point>
					<position>27</position>
                        <quantity>484</quantity>
				</Point>
				<Point>
					<position>28</position>
                        <quantity>484</quantity>
				</Point>
				<Point>
					<position>29</position>
                        <quantity>484</quantity>
				</Point>
				<Point>
					<position>30</position>
                        <quantity>484</quantity>
				</Point>
				<Point>
					<position>31</position>
                        <quantity>484</quantity>
				</Point>
				<Point>
					<position>32</position>
                        <quantity>484</quantity>
				</Point>
				<Point>
					<position>33</position>
                        <quantity>484</quantity>
				</Point>
				<Point>
					<position>34</position>
                        <quantity>484</quantity>
				</Point>
				<Point>
					<position>35</position>
                        <quantity>484</quantity>
				</Point>
				<Point>
					<position>36</position>
                        <quantity>484</quantity>
				</Point>
				<Point>
					<position>37</position>
                        <quantity>484</quantity>
				</Point>
				<Point>
					<position>38</position>
                        <quantity>485</quantity>
				</Point>
				<Point>
					<position>39</position>
                        <quantity>484</quantity>
				</Point>
				<Point>
					<position>40</position>
                        <quantity>484</quantity>
				</Point>
				<Point>
					<position>41</position>
                        <quantity>484</quantity>
				</Point>
				<Point>
					<position>42</position>
                        <quantity>484</quantity>
				</Point>
				<Point>
					<position>43</position>
                        <quantity>484</quantity>
				</Point>
				<Point>
					<position>44</position>
                        <quantity>484</quantity>
				</Point>
				<Point>
					<position>45</position>
                        <quantity>484</quantity>
				</Point>
				<Point>
					<position>46</position>
                        <quantity>484</quantity>
				</Point>
				<Point>
					<position>47</position>
                        <quantity>484</quantity>
				</Point>
				<Point>
					<position>48</position>
                        <quantity>484</quantity>
				</Point>
				<Point>
					<position>49</position>
                        <quantity>484</quantity>
				</Point>
				<Point>
					<position>50</position>
                        <quantity>484</quantity>
				</Point>
				<Point>
					<position>51</position>
                        <quantity>484</quantity>
				</Point>
				<Point>
					<position>52</position>
                        <quantity>484</quantity>
				</Point>
				<Point>
					<position>53</position>
                        <quantity>484</quantity>
				</Point>
				<Point>
					<position>54</position>
                        <quantity>484</quantity>
				</Point>
				<Point>
					<position>55</position>
                        <quantity>484</quantity>
				</Point>
				<Point>
					<position>56</position>
                        <quantity>484</quantity>
				</Point>
				<Point>
					<position>57</position>
                        <quantity>484</quantity>
				</Point>
				<Point>
					<position>58</position>
                        <quantity>484</quantity>
				</Point>
				<Point>
					<position>59</position>
                        <quantity>484</quantity>
				</Point>
				<Point>
					<position>60</position>
                        <quantity>484</quantity>
				</Point>
				<Point>
					<position>61</position>
                        <quantity>484</quantity>
				</Point>
				<Point>
					<position>62</position>
                        <quantity>484</quantity>
				</Point>
				<Point>
					<position>63</position>
                        <quantity>484</quantity>
				</Point>
				<Point>
					<position>64</position>
                        <quantity>484</quantity>
				</Point>
				<Point>
					<position>65</position>
                        <quantity>483</quantity>
				</Point>
				<Point>
					<position>66</position>
                        <quantity>484</quantity>
				</Point>
				<Point>
					<position>67</position>
                        <quantity>484</quantity>
				</Point>
				<Point>
					<position>68</position>
                        <quantity>484</quantity>
				</Point>
				<Point>
					<position>69</position>
                        <quantity>483</quantity>
				</Point>
				<Point>
					<position>70</position>
                        <quantity>484</quantity>
				</Point>
				<Point>
					<position>71</position>
                        <quantity>484</quantity>
				</Point>
				<Point>
					<position>72</position>
                        <quantity>484</quantity>
				</Point>
				<Point>
					<position>73</position>
                        <quantity>484</quantity>
				</Point>
				<Point>
					<position>74</position>
                        <quantity>484</quantity>
				</Point>
				<Point>
					<position>75</position>
                        <quantity>484</quantity>
				</Point>
				<Point>
					<position>76</position>
                        <quantity>484</quantity>
				</Point>
				<Point>
					<position>77</position>
                        <quantity>484</quantity>
				</Point>
				<Point>
					<position>78</position>
                        <quantity>484</quantity>
				</Point>
				<Point>
					<position>79</position>
                        <quantity>484</quantity>
				</Point>
				<Point>
					<position>80</position>
                        <quantity>484</quantity>
				</Point>
				<Point>
					<position>81</position>
                        <quantity>485</quantity>
				</Point>
				<Point>
					<position>82</position>
                        <quantity>484</quantity>
				</Point>
				<Point>
					<position>83</position>
                        <quantity>484</quantity>
				</Point>
				<Point>
					<position>84</position>
                        <quantity>484</quantity>
				</Point>
				<Point>
					<position>85</position>
                        <quantity>484</quantity>
				</Point>
				<Point>
					<position>86</position>
                        <quantity>484</quantity>
				</Point>
				<Point>
					<position>87</position>
                        <quantity>484</quantity>
				</Point>
				<Point>
					<position>88</position>
                        <quantity>484</quantity>
				</Point>
				<Point>
					<position>89</position>
                        <quantity>484</quantity>
				</Point>
				<Point>
					<position>90</position>
                        <quantity>484</quantity>
				</Point>
				<Point>
					<position>91</position>
                        <quantity>484</quantity>
				</Point>
				<Point>
					<position>92</position>
                        <quantity>484</quantity>
				</Point>
		</Period>
	</TimeSeries>
	<TimeSeries>
		<mRID>17</mRID>
		<businessType>A01</businessType>
		<objectAggregation>A08</objectAggregation>
		<outBiddingZone_Domain.mRID codingScheme="A01">10YNL----------L</outBiddingZone_Domain.mRID>
		<quantity_Measure_Unit.name>MAW</quantity_Measure_Unit.name>
		<curveType>A01</curveType>
		<MktPSRType>
			<psrType>B14</psrType>
		</MktPSRType>
		<Period>
			<timeInterval>
				<start>2020-03-18T00:00Z</start>
				<end>2020-03-18T23:00Z</end>
			</timeInterval>
			<resolution>PT15M</resolution>
				<Point>
					<position>1</position>
                        <quantity>0</quantity>
				</Point>
				<Point>
					<position>2</position>
                        <quantity>0</quantity>
				</Point>
				<Point>
					<position>3</position>
                        <quantity>0</quantity>
				</Point>
				<Point>
					<position>4</position>
                        <quantity>0</quantity>
				</Point>
				<Point>
					<position>5</position>
                        <quantity>0</quantity>
				</Point>
				<Point>
					<position>6</position>
                        <quantity>0</quantity>
				</Point>
				<Point>
					<position>7</position>
                        <quantity>0</quantity>
				</Point>
				<Point>
					<position>8</position>
                        <quantity>0</quantity>
				</Point>
				<Point>
					<position>9</position>
                        <quantity>0</quantity>
				</Point>
				<Point>
					<position>10</position>
                        <quantity>0</quantity>
				</Point>
				<Point>
					<position>11</position>
                        <quantity>0</quantity>
				</Point>
				<Point>
					<position>12</position>
                        <quantity>0</quantity>
				</Point>
				<Point>
					<position>13</position>
                        <quantity>0</quantity>
				</Point>
				<Point>
					<position>14</position>
                        <quantity>0</quantity>
				</Point>
				<Point>
					<position>15</position>
                        <quantity>0</quantity>
				</Point>
				<Point>
					<position>16</position>
                        <quantity>0</quantity>
				</Point>
				<Point>
					<position>17</position>
                        <quantity>0</quantity>
				</Point>
				<Point>
					<position>18</position>
                        <quantity>0</quantity>
				</Point>
				<Point>
					<position>19</position>
                        <quantity>0</quantity>
				</Point>
				<Point>
					<position>20</position>
                        <quantity>0</quantity>
				</Point>
				<Point>
					<position>21</position>
                        <quantity>0</quantity>
				</Point>
				<Point>
					<position>22</position>
                        <quantity>0</quantity>
				</Point>
				<Point>
					<position>23</position>
                        <quantity>0</quantity>
				</Point>
				<Point>
					<position>24</position>
                        <quantity>0</quantity>
				</Point>
				<Point>
					<position>25</position>
                        <quantity>0</quantity>
				</Point>
				<Point>
					<position>26</position>
                        <quantity>0</quantity>
				</Point>
				<Point>
					<position>27</position>
                        <quantity>0</quantity>
				</Point>
				<Point>
					<position>28</position>
                        <quantity>0</quantity>
				</Point>
				<Point>
					<position>29</position>
                        <quantity>0</quantity>
				</Point>
				<Point>
					<position>30</position>
                        <quantity>0</quantity>
				</Point>
				<Point>
					<position>31</position>
                        <quantity>0</quantity>
				</Point>
				<Point>
					<position>32</position>
                        <quantity>0</quantity>
				</Point>
				<Point>
					<position>33</position>
                        <quantity>0</quantity>
				</Point>
				<Point>
					<position>34</position>
                        <quantity>0</quantity>
				</Point>
				<Point>
					<position>35</position>
                        <quantity>0</quantity>
				</Point>
				<Point>
					<position>36</position>
                        <quantity>0</quantity>
				</Point>
				<Point>
					<position>37</position>
                        <quantity>0</quantity>
				</Point>
				<Point>
					<position>38</position>
                        <quantity>0</quantity>
				</Point>
				<Point>
					<position>39</position>
                        <quantity>0</quantity>
				</Point>
				<Point>
					<position>40</position>
                        <quantity>0</quantity>
				</Point>
				<Point>
					<position>41</position>
                        <quantity>0</quantity>
				</Point>
				<Point>
					<position>42</position>
                        <quantity>0</quantity>
				</Point>
				<Point>
					<position>43</position>
                        <quantity>0</quantity>
				</Point>
				<Point>
					<position>44</position>
                        <quantity>0</quantity>
				</Point>
				<Point>
					<position>45</position>
                        <quantity>0</quantity>
				</Point>
				<Point>
					<position>46</position>
                        <quantity>0</quantity>
				</Point>
				<Point>
					<position>47</position>
                        <quantity>0</quantity>
				</Point>
				<Point>
					<position>48</position>
                        <quantity>0</quantity>
				</Point>
				<Point>
					<position>49</position>
                        <quantity>0</quantity>
				</Point>
				<Point>
					<position>50</position>
                        <quantity>0</quantity>
				</Point>
				<Point>
					<position>51</position>
                        <quantity>0</quantity>
				</Point>
				<Point>
					<position>52</position>
                        <quantity>0</quantity>
				</Point>
				<Point>
					<position>53</position>
                        <quantity>0</quantity>
				</Point>
				<Point>
					<position>54</position>
                        <quantity>0</quantity>
				</Point>
				<Point>
					<position>55</position>
                        <quantity>0</quantity>
				</Point>
				<Point>
					<position>56</position>
                        <quantity>0</quantity>
				</Point>
				<Point>
					<position>57</position>
                        <quantity>0</quantity>
				</Point>
				<Point>
					<position>58</position>
                        <quantity>0</quantity>
				</Point>
				<Point>
					<position>59</position>
                        <quantity>0</quantity>
				</Point>
				<Point>
					<position>60</position>
                        <quantity>0</quantity>
				</Point>
				<Point>
					<position>61</position>
                        <quantity>0</quantity>
				</Point>
				<Point>
					<position>62</position>
                        <quantity>0</quantity>
				</Point>
				<Point>
					<position>63</position>
                        <quantity>0</quantity>
				</Point>
				<Point>
					<position>64</position>
                        <quantity>0</quantity>
				</Point>
				<Point>
					<position>65</position>
                        <quantity>0</quantity>
				</Point>
				<Point>
					<position>66</position>
                        <quantity>0</quantity>
				</Point>
				<Point>
					<position>67</position>
                        <quantity>0</quantity>
				</Point>
				<Point>
					<position>68</position>
                        <quantity>0</quantity>
				</Point>
				<Point>
					<position>69</position>
                        <quantity>0</quantity>
				</Point>
				<Point>
					<position>70</position>
                        <quantity>0</quantity>
				</Point>
				<Point>
					<position>71</position>
                        <quantity>0</quantity>
				</Point>
				<Point>
					<position>72</position>
                        <quantity>0</quantity>
				</Point>
				<Point>
					<position>73</position>
                        <quantity>0</quantity>
				</Point>
				<Point>
					<position>74</position>
                        <quantity>0</quantity>
				</Point>
				<Point>
					<position>75</position>
                        <quantity>0</quantity>
				</Point>
				<Point>
					<position>76</position>
                        <quantity>0</quantity>
				</Point>
				<Point>
					<position>77</position>
                        <quantity>0</quantity>
				</Point>
				<Point>
					<position>78</position>
                        <quantity>0</quantity>
				</Point>
				<Point>
					<position>79</position>
                        <quantity>0</quantity>
				</Point>
				<Point>
					<position>80</position>
                        <quantity>0</quantity>
				</Point>
				<Point>
					<position>81</position>
                        <quantity>0</quantity>
				</Point>
				<Point>
					<position>82</position>
                        <quantity>0</quantity>
				</Point>
				<Point>
					<position>83</position>
                        <quantity>0</quantity>
				</Point>
				<Point>
					<position>84</position>
                        <quantity>0</quantity>
				</Point>
				<Point>
					<position>85</position>
                        <quantity>0</quantity>
				</Point>
				<Point>
					<position>86</position>
                        <quantity>0</quantity>
				</Point>
				<Point>
					<position>87</position>
                        <quantity>0</quantity>
				</Point>
				<Point>
					<position>88</position>
                        <quantity>0</quantity>
				</Point>
				<Point>
					<position>89</position>
                        <quantity>0</quantity>
				</Point>
				<Point>
					<position>90</position>
                        <quantity>0</quantity>
				</Point>
				<Point>
					<position>91</position>
                        <quantity>0</quantity>
				</Point>
				<Point>
					<position>92</position>
                        <quantity>0</quantity>
				</Point>
		</Period>
	</TimeSeries>
	<TimeSeries>
		<mRID>18</mRID>
		<businessType>A01</businessType>
		<objectAggregation>A08</objectAggregation>
		<inBiddingZone_Domain.mRID codingScheme="A01">10YNL----------L</inBiddingZone_Domain.mRID>
		<quantity_Measure_Unit.name>MAW</quantity_Measure_Unit.name>
		<curveType>A01</curveType>
		<MktPSRType>
			<psrType>B14</psrType>
		</MktPSRType>
		<Period>
			<timeInterval>
				<start>2020-03-18T23:00Z</start>
				<end>2020-03-19T00:00Z</end>
			</timeInterval>
			<resolution>PT15M</resolution>
				<Point>
					<position>1</position>
                        <quantity>484</quantity>
				</Point>
				<Point>
					<position>2</position>
                        <quantity>484</quantity>
				</Point>
				<Point>
					<position>3</position>
                        <quantity>484</quantity>
				</Point>
				<Point>
					<position>4</position>
                        <quantity>484</quantity>
				</Point>
		</Period>
	</TimeSeries>
	<TimeSeries>
		<mRID>19</mRID>
		<businessType>A01</businessType>
		<objectAggregation>A08</objectAggregation>
		<outBiddingZone_Domain.mRID codingScheme="A01">10YNL----------L</outBiddingZone_Domain.mRID>
		<quantity_Measure_Unit.name>MAW</quantity_Measure_Unit.name>
		<curveType>A01</curveType>
		<MktPSRType>
			<psrType>B14</psrType>
		</MktPSRType>
		<Period>
			<timeInterval>
				<start>2020-03-18T23:00Z</start>
				<end>2020-03-19T00:00Z</end>
			</timeInterval>
			<resolution>PT15M</resolution>
				<Point>
					<position>1</position>
                        <quantity>0</quantity>
				</Point>
				<Point>
					<position>2</position>
                        <quantity>0</quantity>
				</Point>
				<Point>
					<position>3</position>
                        <quantity>0</quantity>
				</Point>
				<Point>
					<position>4</position>
                        <quantity>0</quantity>
				</Point>
		</Period>
	</TimeSeries>
	<TimeSeries>
		<mRID>20</mRID>
		<businessType>A01</businessType>
		<objectAggregation>A08</objectAggregation>
		<inBiddingZone_Domain.mRID codingScheme="A01">10YNL----------L</inBiddingZone_Domain.mRID>
		<quantity_Measure_Unit.name>MAW</quantity_Measure_Unit.name>
		<curveType>A01</curveType>
		<MktPSRType>
			<psrType>B20</psrType>
		</MktPSRType>
		<Period>
			<timeInterval>
				<start>2020-03-18T00:00Z</start>
				<end>2020-03-18T23:00Z</end>
			</timeInterval>
			<resolution>PT15M</resolution>
				<Point>
					<position>1</position>
                        <quantity>2863</quantity>
				</Point>
				<Point>
					<position>2</position>
                        <quantity>2867</quantity>
				</Point>
				<Point>
					<position>3</position>
                        <quantity>2868</quantity>
				</Point>
				<Point>
					<position>4</position>
                        <quantity>2828</quantity>
				</Point>
				<Point>
					<position>5</position>
                        <quantity>2872</quantity>
				</Point>
				<Point>
					<position>6</position>
                        <quantity>2878</quantity>
				</Point>
				<Point>
					<position>7</position>
                        <quantity>2896</quantity>
				</Point>
				<Point>
					<position>8</position>
                        <quantity>2880</quantity>
				</Point>
				<Point>
					<position>9</position>
                        <quantity>2853</quantity>
				</Point>
				<Point>
					<position>10</position>
                        <quantity>2855</quantity>
				</Point>
				<Point>
					<position>11</position>
                        <quantity>2849</quantity>
				</Point>
				<Point>
					<position>12</position>
                        <quantity>2869</quantity>
				</Point>
				<Point>
					<position>13</position>
                        <quantity>2867</quantity>
				</Point>
				<Point>
					<position>14</position>
                        <quantity>2867</quantity>
				</Point>
				<Point>
					<position>15</position>
                        <quantity>2870</quantity>
				</Point>
				<Point>
					<position>16</position>
                        <quantity>2895</quantity>
				</Point>
				<Point>
					<position>17</position>
                        <quantity>2966</quantity>
				</Point>
				<Point>
					<position>18</position>
                        <quantity>2971</quantity>
				</Point>
				<Point>
					<position>19</position>
                        <quantity>2956</quantity>
				</Point>
				<Point>
					<position>20</position>
                        <quantity>3016</quantity>
				</Point>
				<Point>
					<position>21</position>
                        <quantity>3027</quantity>
				</Point>
				<Point>
					<position>22</position>
                        <quantity>3088</quantity>
				</Point>
				<Point>
					<position>23</position>
                        <quantity>3147</quantity>
				</Point>
				<Point>
					<position>24</position>
                        <quantity>3281</quantity>
				</Point>
				<Point>
					<position>25</position>
                        <quantity>3303</quantity>
				</Point>
				<Point>
					<position>26</position>
                        <quantity>3405</quantity>
				</Point>
				<Point>
					<position>27</position>
                        <quantity>3515</quantity>
				</Point>
				<Point>
					<position>28</position>
                        <quantity>3547</quantity>
				</Point>
				<Point>
					<position>29</position>
                        <quantity>3594</quantity>
				</Point>
				<Point>
					<position>30</position>
                        <quantity>3664</quantity>
				</Point>
				<Point>
					<position>31</position>
                        <quantity>3654</quantity>
				</Point>
				<Point>
					<position>32</position>
                        <quantity>3648</quantity>
				</Point>
				<Point>
					<position>33</position>
                        <quantity>3634</quantity>
				</Point>
				<Point>
					<position>34</position>
                        <quantity>3688</quantity>
				</Point>
				<Point>
					<position>35</position>
                        <quantity>3643</quantity>
				</Point>
				<Point>
					<position>36</position>
                        <quantity>3566</quantity>
				</Point>
				<Point>
					<position>37</position>
                        <quantity>3516</quantity>
				</Point>
				<Point>
					<position>38</position>
                        <quantity>3580</quantity>
				</Point>
				<Point>
					<position>39</position>
                        <quantity>3584</quantity>
				</Point>
				<Point>
					<position>40</position>
                        <quantity>3629</quantity>
				</Point>
				<Point>
					<position>41</position>
                        <quantity>3673</quantity>
				</Point>
				<Point>
					<position>42</position>
                        <quantity>3886</quantity>
				</Point>
				<Point>
					<position>43</position>
                        <quantity>3854</quantity>
				</Point>
				<Point>
					<position>44</position>
                        <quantity>3855</quantity>
				</Point>
				<Point>
					<position>45</position>
                        <quantity>3840</quantity>
				</Point>
				<Point>
					<position>46</position>
                        <quantity>3829</quantity>
				</Point>
				<Point>
					<position>47</position>
                        <quantity>3837</quantity>
				</Point>
				<Point>
					<position>48</position>
                        <quantity>3760</quantity>
				</Point>
				<Point>
					<position>49</position>
                        <quantity>3687</quantity>
				</Point>
				<Point>
					<position>50</position>
                        <quantity>3668</quantity>
				</Point>
				<Point>
					<position>51</position>
                        <quantity>3592</quantity>
				</Point>
				<Point>
					<position>52</position>
                        <quantity>3591</quantity>
				</Point>
				<Point>
					<position>53</position>
                        <quantity>3736</quantity>
				</Point>
				<Point>
					<position>54</position>
                        <quantity>3729</quantity>
				</Point>
				<Point>
					<position>55</position>
                        <quantity>3654</quantity>
				</Point>
				<Point>
					<position>56</position>
                        <quantity>3583</quantity>
				</Point>
				<Point>
					<position>57</position>
                        <quantity>3621</quantity>
				</Point>
				<Point>
					<position>58</position>
                        <quantity>3578</quantity>
				</Point>
				<Point>
					<position>59</position>
                        <quantity>3541</quantity>
				</Point>
				<Point>
					<position>60</position>
                        <quantity>3566</quantity>
				</Point>
				<Point>
					<position>61</position>
                        <quantity>3676</quantity>
				</Point>
				<Point>
					<position>62</position>
                        <quantity>3675</quantity>
				</Point>
				<Point>
					<position>63</position>
                        <quantity>3652</quantity>
				</Point>
				<Point>
					<position>64</position>
                        <quantity>3611</quantity>
				</Point>
				<Point>
					<position>65</position>
                        <quantity>3659</quantity>
				</Point>
				<Point>
					<position>66</position>
                        <quantity>3589</quantity>
				</Point>
				<Point>
					<position>67</position>
                        <quantity>3661</quantity>
				</Point>
				<Point>
					<position>68</position>
                        <quantity>3739</quantity>
				</Point>
				<Point>
					<position>69</position>
                        <quantity>3806</quantity>
				</Point>
				<Point>
					<position>70</position>
                        <quantity>3742</quantity>
				</Point>
				<Point>
					<position>71</position>
                        <quantity>3721</quantity>
				</Point>
				<Point>
					<position>72</position>
                        <quantity>3835</quantity>
				</Point>
				<Point>
					<position>73</position>
                        <quantity>3931</quantity>
				</Point>
				<Point>
					<position>74</position>
                        <quantity>3875</quantity>
				</Point>
				<Point>
					<position>75</position>
                        <quantity>3821</quantity>
				</Point>
				<Point>
					<position>76</position>
                        <quantity>3790</quantity>
				</Point>
				<Point>
					<position>77</position>
                        <quantity>3705</quantity>
				</Point>
				<Point>
					<position>78</position>
                        <quantity>3597</quantity>
				</Point>
				<Point>
					<position>79</position>
                        <quantity>3414</quantity>
				</Point>
				<Point>
					<position>80</position>
                        <quantity>3353</quantity>
				</Point>
				<Point>
					<position>81</position>
                        <quantity>3273</quantity>
				</Point>
				<Point>
					<position>82</position>
                        <quantity>3271</quantity>
				</Point>
				<Point>
					<position>83</position>
                        <quantity>3082</quantity>
				</Point>
				<Point>
					<position>84</position>
                        <quantity>3039</quantity>
				</Point>
				<Point>
					<position>85</position>
                        <quantity>3089</quantity>
				</Point>
				<Point>
					<position>86</position>
                        <quantity>3110</quantity>
				</Point>
				<Point>
					<position>87</position>
                        <quantity>3090</quantity>
				</Point>
				<Point>
					<position>88</position>
                        <quantity>3054</quantity>
				</Point>
				<Point>
					<position>89</position>
                        <quantity>2878</quantity>
				</Point>
				<Point>
					<position>90</position>
                        <quantity>2852</quantity>
				</Point>
				<Point>
					<position>91</position>
                        <quantity>2827</quantity>
				</Point>
				<Point>
					<position>92</position>
                        <quantity>2767</quantity>
				</Point>
		</Period>
	</TimeSeries>
	<TimeSeries>
		<mRID>21</mRID>
		<businessType>A01</businessType>
		<objectAggregation>A08</objectAggregation>
		<outBiddingZone_Domain.mRID codingScheme="A01">10YNL----------L</outBiddingZone_Domain.mRID>
		<quantity_Measure_Unit.name>MAW</quantity_Measure_Unit.name>
		<curveType>A01</curveType>
		<MktPSRType>
			<psrType>B20</psrType>
		</MktPSRType>
		<Period>
			<timeInterval>
				<start>2020-03-18T00:00Z</start>
				<end>2020-03-18T23:00Z</end>
			</timeInterval>
			<resolution>PT15M</resolution>
				<Point>
					<position>1</position>
                        <quantity>801</quantity>
				</Point>
				<Point>
					<position>2</position>
                        <quantity>819</quantity>
				</Point>
				<Point>
					<position>3</position>
                        <quantity>819</quantity>
				</Point>
				<Point>
					<position>4</position>
                        <quantity>815</quantity>
				</Point>
				<Point>
					<position>5</position>
                        <quantity>833</quantity>
				</Point>
				<Point>
					<position>6</position>
                        <quantity>857</quantity>
				</Point>
				<Point>
					<position>7</position>
                        <quantity>856</quantity>
				</Point>
				<Point>
					<position>8</position>
                        <quantity>858</quantity>
				</Point>
				<Point>
					<position>9</position>
                        <quantity>870</quantity>
				</Point>
				<Point>
					<position>10</position>
                        <quantity>870</quantity>
				</Point>
				<Point>
					<position>11</position>
                        <quantity>873</quantity>
				</Point>
				<Point>
					<position>12</position>
                        <quantity>873</quantity>
				</Point>
				<Point>
					<position>13</position>
                        <quantity>882</quantity>
				</Point>
				<Point>
					<position>14</position>
                        <quantity>889</quantity>
				</Point>
				<Point>
					<position>15</position>
                        <quantity>889</quantity>
				</Point>
				<Point>
					<position>16</position>
                        <quantity>874</quantity>
				</Point>
				<Point>
					<position>17</position>
                        <quantity>868</quantity>
				</Point>
				<Point>
					<position>18</position>
                        <quantity>876</quantity>
				</Point>
				<Point>
					<position>19</position>
                        <quantity>883</quantity>
				</Point>
				<Point>
					<position>20</position>
                        <quantity>882</quantity>
				</Point>
				<Point>
					<position>21</position>
                        <quantity>891</quantity>
				</Point>
				<Point>
					<position>22</position>
                        <quantity>908</quantity>
				</Point>
				<Point>
					<position>23</position>
                        <quantity>903</quantity>
				</Point>
				<Point>
					<position>24</position>
                        <quantity>877</quantity>
				</Point>
				<Point>
					<position>25</position>
                        <quantity>870</quantity>
				</Point>
				<Point>
					<position>26</position>
                        <quantity>846</quantity>
				</Point>
				<Point>
					<position>27</position>
                        <quantity>812</quantity>
				</Point>
				<Point>
					<position>28</position>
                        <quantity>791</quantity>
				</Point>
				<Point>
					<position>29</position>
                        <quantity>770</quantity>
				</Point>
				<Point>
					<position>30</position>
                        <quantity>756</quantity>
				</Point>
				<Point>
					<position>31</position>
                        <quantity>730</quantity>
				</Point>
				<Point>
					<position>32</position>
                        <quantity>710</quantity>
				</Point>
				<Point>
					<position>33</position>
                        <quantity>685</quantity>
				</Point>
				<Point>
					<position>34</position>
                        <quantity>677</quantity>
				</Point>
				<Point>
					<position>35</position>
                        <quantity>662</quantity>
				</Point>
				<Point>
					<position>36</position>
                        <quantity>654</quantity>
				</Point>
				<Point>
					<position>37</position>
                        <quantity>645</quantity>
				</Point>
				<Point>
					<position>38</position>
                        <quantity>641</quantity>
				</Point>
				<Point>
					<position>39</position>
                        <quantity>641</quantity>
				</Point>
				<Point>
					<position>40</position>
                        <quantity>643</quantity>
				</Point>
				<Point>
					<position>41</position>
                        <quantity>639</quantity>
				</Point>
				<Point>
					<position>42</position>
                        <quantity>626</quantity>
				</Point>
				<Point>
					<position>43</position>
                        <quantity>624</quantity>
				</Point>
				<Point>
					<position>44</position>
                        <quantity>621</quantity>
				</Point>
				<Point>
					<position>45</position>
                        <quantity>620</quantity>
				</Point>
				<Point>
					<position>46</position>
                        <quantity>619</quantity>
				</Point>
				<Point>
					<position>47</position>
                        <quantity>618</quantity>
				</Point>
				<Point>
					<position>48</position>
                        <quantity>622</quantity>
				</Point>
				<Point>
					<position>49</position>
                        <quantity>629</quantity>
				</Point>
				<Point>
					<position>50</position>
                        <quantity>636</quantity>
				</Point>
				<Point>
					<position>51</position>
                        <quantity>639</quantity>
				</Point>
				<Point>
					<position>52</position>
                        <quantity>648</quantity>
				</Point>
				<Point>
					<position>53</position>
                        <quantity>650</quantity>
				</Point>
				<Point>
					<position>54</position>
                        <quantity>654</quantity>
				</Point>
				<Point>
					<position>55</position>
                        <quantity>658</quantity>
				</Point>
				<Point>
					<position>56</position>
                        <quantity>663</quantity>
				</Point>
				<Point>
					<position>57</position>
                        <quantity>674</quantity>
				</Point>
				<Point>
					<position>58</position>
                        <quantity>684</quantity>
				</Point>
				<Point>
					<position>59</position>
                        <quantity>699</quantity>
				</Point>
				<Point>
					<position>60</position>
                        <quantity>706</quantity>
				</Point>
				<Point>
					<position>61</position>
                        <quantity>717</quantity>
				</Point>
				<Point>
					<position>62</position>
                        <quantity>726</quantity>
				</Point>
				<Point>
					<position>63</position>
                        <quantity>729</quantity>
				</Point>
				<Point>
					<position>64</position>
                        <quantity>735</quantity>
				</Point>
				<Point>
					<position>65</position>
                        <quantity>740</quantity>
				</Point>
				<Point>
					<position>66</position>
                        <quantity>756</quantity>
				</Point>
				<Point>
					<position>67</position>
                        <quantity>768</quantity>
				</Point>
				<Point>
					<position>68</position>
                        <quantity>774</quantity>
				</Point>
				<Point>
					<position>69</position>
                        <quantity>758</quantity>
				</Point>
				<Point>
					<position>70</position>
                        <quantity>764</quantity>
				</Point>
				<Point>
					<position>71</position>
                        <quantity>772</quantity>
				</Point>
				<Point>
					<position>72</position>
                        <quantity>778</quantity>
				</Point>
				<Point>
					<position>73</position>
                        <quantity>762</quantity>
				</Point>
				<Point>
					<position>74</position>
                        <quantity>767</quantity>
				</Point>
				<Point>
					<position>75</position>
                        <quantity>771</quantity>
				</Point>
				<Point>
					<position>76</position>
                        <quantity>774</quantity>
				</Point>
				<Point>
					<position>77</position>
                        <quantity>774</quantity>
				</Point>
				<Point>
					<position>78</position>
                        <quantity>777</quantity>
				</Point>
				<Point>
					<position>79</position>
                        <quantity>781</quantity>
				</Point>
				<Point>
					<position>80</position>
                        <quantity>779</quantity>
				</Point>
				<Point>
					<position>81</position>
                        <quantity>789</quantity>
				</Point>
				<Point>
					<position>82</position>
                        <quantity>791</quantity>
				</Point>
				<Point>
					<position>83</position>
                        <quantity>808</quantity>
				</Point>
				<Point>
					<position>84</position>
                        <quantity>807</quantity>
				</Point>
				<Point>
					<position>85</position>
                        <quantity>799</quantity>
				</Point>
				<Point>
					<position>86</position>
                        <quantity>802</quantity>
				</Point>
				<Point>
					<position>87</position>
                        <quantity>798</quantity>
				</Point>
				<Point>
					<position>88</position>
                        <quantity>798</quantity>
				</Point>
				<Point>
					<position>89</position>
                        <quantity>794</quantity>
				</Point>
				<Point>
					<position>90</position>
                        <quantity>795</quantity>
				</Point>
				<Point>
					<position>91</position>
                        <quantity>791</quantity>
				</Point>
				<Point>
					<position>92</position>
                        <quantity>798</quantity>
				</Point>
		</Period>
	</TimeSeries>
	<TimeSeries>
		<mRID>22</mRID>
		<businessType>A01</businessType>
		<objectAggregation>A08</objectAggregation>
		<inBiddingZone_Domain.mRID codingScheme="A01">10YNL----------L</inBiddingZone_Domain.mRID>
		<quantity_Measure_Unit.name>MAW</quantity_Measure_Unit.name>
		<curveType>A01</curveType>
		<MktPSRType>
			<psrType>B20</psrType>
		</MktPSRType>
		<Period>
			<timeInterval>
				<start>2020-03-18T23:00Z</start>
				<end>2020-03-19T00:00Z</end>
			</timeInterval>
			<resolution>PT15M</resolution>
				<Point>
					<position>1</position>
                        <quantity>2739</quantity>
				</Point>
				<Point>
					<position>2</position>
                        <quantity>2664</quantity>
				</Point>
				<Point>
					<position>3</position>
                        <quantity>2627</quantity>
				</Point>
				<Point>
					<position>4</position>
                        <quantity>2585</quantity>
				</Point>
		</Period>
	</TimeSeries>
	<TimeSeries>
		<mRID>23</mRID>
		<businessType>A01</businessType>
		<objectAggregation>A08</objectAggregation>
		<outBiddingZone_Domain.mRID codingScheme="A01">10YNL----------L</outBiddingZone_Domain.mRID>
		<quantity_Measure_Unit.name>MAW</quantity_Measure_Unit.name>
		<curveType>A01</curveType>
		<MktPSRType>
			<psrType>B20</psrType>
		</MktPSRType>
		<Period>
			<timeInterval>
				<start>2020-03-18T23:00Z</start>
				<end>2020-03-19T00:00Z</end>
			</timeInterval>
			<resolution>PT15M</resolution>
				<Point>
					<position>1</position>
                        <quantity>808</quantity>
				</Point>
				<Point>
					<position>2</position>
                        <quantity>834</quantity>
				</Point>
				<Point>
					<position>3</position>
                        <quantity>839</quantity>
				</Point>
				<Point>
					<position>4</position>
                        <quantity>837</quantity>
				</Point>
		</Period>
	</TimeSeries>
	<TimeSeries>
		<mRID>24</mRID>
		<businessType>A94</businessType>
		<objectAggregation>A08</objectAggregation>
		<inBiddingZone_Domain.mRID codingScheme="A01">10YNL----------L</inBiddingZone_Domain.mRID>
		<quantity_Measure_Unit.name>MAW</quantity_Measure_Unit.name>
		<curveType>A01</curveType>
		<MktPSRType>
			<psrType>B16</psrType>
		</MktPSRType>
		<Period>
			<timeInterval>
				<start>2020-03-18T00:00Z</start>
				<end>2020-03-18T23:00Z</end>
			</timeInterval>
			<resolution>PT15M</resolution>
				<Point>
					<position>1</position>
                        <quantity>0</quantity>
				</Point>
				<Point>
					<position>2</position>
                        <quantity>0</quantity>
				</Point>
				<Point>
					<position>3</position>
                        <quantity>0</quantity>
				</Point>
				<Point>
					<position>4</position>
                        <quantity>0</quantity>
				</Point>
				<Point>
					<position>5</position>
                        <quantity>0</quantity>
				</Point>
				<Point>
					<position>6</position>
                        <quantity>0</quantity>
				</Point>
				<Point>
					<position>7</position>
                        <quantity>0</quantity>
				</Point>
				<Point>
					<position>8</position>
                        <quantity>0</quantity>
				</Point>
				<Point>
					<position>9</position>
                        <quantity>0</quantity>
				</Point>
				<Point>
					<position>10</position>
                        <quantity>0</quantity>
				</Point>
				<Point>
					<position>11</position>
                        <quantity>0</quantity>
				</Point>
				<Point>
					<position>12</position>
                        <quantity>0</quantity>
				</Point>
				<Point>
					<position>13</position>
                        <quantity>0</quantity>
				</Point>
				<Point>
					<position>14</position>
                        <quantity>0</quantity>
				</Point>
				<Point>
					<position>15</position>
                        <quantity>0</quantity>
				</Point>
				<Point>
					<position>16</position>
                        <quantity>0</quantity>
				</Point>
				<Point>
					<position>17</position>
                        <quantity>0</quantity>
				</Point>
				<Point>
					<position>18</position>
                        <quantity>0</quantity>
				</Point>
				<Point>
					<position>19</position>
                        <quantity>0</quantity>
				</Point>
				<Point>
					<position>20</position>
                        <quantity>0</quantity>
				</Point>
				<Point>
					<position>21</position>
                        <quantity>0</quantity>
				</Point>
				<Point>
					<position>22</position>
                        <quantity>0</quantity>
				</Point>
				<Point>
					<position>23</position>
                        <quantity>0</quantity>
				</Point>
				<Point>
					<position>24</position>
                        <quantity>0</quantity>
				</Point>
				<Point>
					<position>25</position>
                        <quantity>1</quantity>
				</Point>
				<Point>
					<position>26</position>
                        <quantity>2</quantity>
				</Point>
				<Point>
					<position>27</position>
                        <quantity>4</quantity>
				</Point>
				<Point>
					<position>28</position>
                        <quantity>6</quantity>
				</Point>
				<Point>
					<position>29</position>
                        <quantity>11</quantity>
				</Point>
				<Point>
					<position>30</position>
                        <quantity>17</quantity>
				</Point>
				<Point>
					<position>31</position>
                        <quantity>26</quantity>
				</Point>
				<Point>
					<position>32</position>
                        <quantity>11</quantity>
				</Point>
				<Point>
					<position>33</position>
                        <quantity>11</quantity>
				</Point>
				<Point>
					<position>34</position>
                        <quantity>13</quantity>
				</Point>
				<Point>
					<position>35</position>
                        <quantity>13</quantity>
				</Point>
				<Point>
					<position>36</position>
                        <quantity>20</quantity>
				</Point>
				<Point>
					<position>37</position>
                        <quantity>20</quantity>
				</Point>
				<Point>
					<position>38</position>
                        <quantity>20</quantity>
				</Point>
				<Point>
					<position>39</position>
                        <quantity>30</quantity>
				</Point>
				<Point>
					<position>40</position>
                        <quantity>28</quantity>
				</Point>
				<Point>
					<position>41</position>
                        <quantity>17</quantity>
				</Point>
				<Point>
					<position>42</position>
                        <quantity>13</quantity>
				</Point>
				<Point>
					<position>43</position>
                        <quantity>8</quantity>
				</Point>
				<Point>
					<position>44</position>
                        <quantity>10</quantity>
				</Point>
				<Point>
					<position>45</position>
                        <quantity>12</quantity>
				</Point>
				<Point>
					<position>46</position>
                        <quantity>13</quantity>
				</Point>
				<Point>
					<position>47</position>
                        <quantity>15</quantity>
				</Point>
				<Point>
					<position>48</position>
                        <quantity>15</quantity>
				</Point>
				<Point>
					<position>49</position>
                        <quantity>15</quantity>
				</Point>
				<Point>
					<position>50</position>
                        <quantity>17</quantity>
				</Point>
				<Point>
					<position>51</position>
                        <quantity>15</quantity>
				</Point>
				<Point>
					<position>52</position>
                        <quantity>13</quantity>
				</Point>
				<Point>
					<position>53</position>
                        <quantity>10</quantity>
				</Point>
				<Point>
					<position>54</position>
                        <quantity>14</quantity>
				</Point>
				<Point>
					<position>55</position>
                        <quantity>14</quantity>
				</Point>
				<Point>
					<position>56</position>
                        <quantity>9</quantity>
				</Point>
				<Point>
					<position>57</position>
                        <quantity>10</quantity>
				</Point>
				<Point>
					<position>58</position>
                        <quantity>9</quantity>
				</Point>
				<Point>
					<position>59</position>
                        <quantity>5</quantity>
				</Point>
				<Point>
					<position>60</position>
                        <quantity>5</quantity>
				</Point>
				<Point>
					<position>61</position>
                        <quantity>4</quantity>
				</Point>
				<Point>
					<position>62</position>
                        <quantity>6</quantity>
				</Point>
				<Point>
					<position>63</position>
                        <quantity>6</quantity>
				</Point>
				<Point>
					<position>64</position>
                        <quantity>8</quantity>
				</Point>
				<Point>
					<position>65</position>
                        <quantity>2</quantity>
				</Point>
				<Point>
					<position>66</position>
                        <quantity>0</quantity>
				</Point>
				<Point>
					<position>67</position>
                        <quantity>0</quantity>
				</Point>
				<Point>
					<position>68</position>
                        <quantity>0</quantity>
				</Point>
				<Point>
					<position>69</position>
                        <quantity>0</quantity>
				</Point>
				<Point>
					<position>70</position>
                        <quantity>0</quantity>
				</Point>
				<Point>
					<position>71</position>
                        <quantity>0</quantity>
				</Point>
				<Point>
					<position>72</position>
                        <quantity>0</quantity>
				</Point>
				<Point>
					<position>73</position>
                        <quantity>0</quantity>
				</Point>
				<Point>
					<position>74</position>
                        <quantity>0</quantity>
				</Point>
				<Point>
					<position>75</position>
                        <quantity>0</quantity>
				</Point>
				<Point>
					<position>76</position>
                        <quantity>0</quantity>
				</Point>
				<Point>
					<position>77</position>
                        <quantity>0</quantity>
				</Point>
				<Point>
					<position>78</position>
                        <quantity>0</quantity>
				</Point>
				<Point>
					<position>79</position>
                        <quantity>0</quantity>
				</Point>
				<Point>
					<position>80</position>
                        <quantity>0</quantity>
				</Point>
				<Point>
					<position>81</position>
                        <quantity>0</quantity>
				</Point>
				<Point>
					<position>82</position>
                        <quantity>0</quantity>
				</Point>
				<Point>
					<position>83</position>
                        <quantity>0</quantity>
				</Point>
				<Point>
					<position>84</position>
                        <quantity>0</quantity>
				</Point>
				<Point>
					<position>85</position>
                        <quantity>0</quantity>
				</Point>
				<Point>
					<position>86</position>
                        <quantity>0</quantity>
				</Point>
				<Point>
					<position>87</position>
                        <quantity>0</quantity>
				</Point>
				<Point>
					<position>88</position>
                        <quantity>0</quantity>
				</Point>
				<Point>
					<position>89</position>
                        <quantity>0</quantity>
				</Point>
				<Point>
					<position>90</position>
                        <quantity>0</quantity>
				</Point>
				<Point>
					<position>91</position>
                        <quantity>0</quantity>
				</Point>
				<Point>
					<position>92</position>
                        <quantity>0</quantity>
				</Point>
		</Period>
	</TimeSeries>
	<TimeSeries>
		<mRID>25</mRID>
		<businessType>A94</businessType>
		<objectAggregation>A08</objectAggregation>
		<outBiddingZone_Domain.mRID codingScheme="A01">10YNL----------L</outBiddingZone_Domain.mRID>
		<quantity_Measure_Unit.name>MAW</quantity_Measure_Unit.name>
		<curveType>A01</curveType>
		<MktPSRType>
			<psrType>B16</psrType>
		</MktPSRType>
		<Period>
			<timeInterval>
				<start>2020-03-18T00:00Z</start>
				<end>2020-03-18T23:00Z</end>
			</timeInterval>
			<resolution>PT15M</resolution>
				<Point>
					<position>1</position>
                        <quantity>0</quantity>
				</Point>
				<Point>
					<position>2</position>
                        <quantity>0</quantity>
				</Point>
				<Point>
					<position>3</position>
                        <quantity>0</quantity>
				</Point>
				<Point>
					<position>4</position>
                        <quantity>0</quantity>
				</Point>
				<Point>
					<position>5</position>
                        <quantity>0</quantity>
				</Point>
				<Point>
					<position>6</position>
                        <quantity>0</quantity>
				</Point>
				<Point>
					<position>7</position>
                        <quantity>0</quantity>
				</Point>
				<Point>
					<position>8</position>
                        <quantity>0</quantity>
				</Point>
				<Point>
					<position>9</position>
                        <quantity>0</quantity>
				</Point>
				<Point>
					<position>10</position>
                        <quantity>0</quantity>
				</Point>
				<Point>
					<position>11</position>
                        <quantity>0</quantity>
				</Point>
				<Point>
					<position>12</position>
                        <quantity>0</quantity>
				</Point>
				<Point>
					<position>13</position>
                        <quantity>0</quantity>
				</Point>
				<Point>
					<position>14</position>
                        <quantity>0</quantity>
				</Point>
				<Point>
					<position>15</position>
                        <quantity>0</quantity>
				</Point>
				<Point>
					<position>16</position>
                        <quantity>0</quantity>
				</Point>
				<Point>
					<position>17</position>
                        <quantity>0</quantity>
				</Point>
				<Point>
					<position>18</position>
                        <quantity>0</quantity>
				</Point>
				<Point>
					<position>19</position>
                        <quantity>0</quantity>
				</Point>
				<Point>
					<position>20</position>
                        <quantity>0</quantity>
				</Point>
				<Point>
					<position>21</position>
                        <quantity>0</quantity>
				</Point>
				<Point>
					<position>22</position>
                        <quantity>0</quantity>
				</Point>
				<Point>
					<position>23</position>
                        <quantity>0</quantity>
				</Point>
				<Point>
					<position>24</position>
                        <quantity>0</quantity>
				</Point>
				<Point>
					<position>25</position>
                        <quantity>0</quantity>
				</Point>
				<Point>
					<position>26</position>
                        <quantity>0</quantity>
				</Point>
				<Point>
					<position>27</position>
                        <quantity>0</quantity>
				</Point>
				<Point>
					<position>28</position>
                        <quantity>0</quantity>
				</Point>
				<Point>
					<position>29</position>
                        <quantity>0</quantity>
				</Point>
				<Point>
					<position>30</position>
                        <quantity>0</quantity>
				</Point>
				<Point>
					<position>31</position>
                        <quantity>0</quantity>
				</Point>
				<Point>
					<position>32</position>
                        <quantity>0</quantity>
				</Point>
				<Point>
					<position>33</position>
                        <quantity>0</quantity>
				</Point>
				<Point>
					<position>34</position>
                        <quantity>0</quantity>
				</Point>
				<Point>
					<position>35</position>
                        <quantity>0</quantity>
				</Point>
				<Point>
					<position>36</position>
                        <quantity>0</quantity>
				</Point>
				<Point>
					<position>37</position>
                        <quantity>0</quantity>
				</Point>
				<Point>
					<position>38</position>
                        <quantity>0</quantity>
				</Point>
				<Point>
					<position>39</position>
                        <quantity>0</quantity>
				</Point>
				<Point>
					<position>40</position>
                        <quantity>0</quantity>
				</Point>
				<Point>
					<position>41</position>
                        <quantity>0</quantity>
				</Point>
				<Point>
					<position>42</position>
                        <quantity>0</quantity>
				</Point>
				<Point>
					<position>43</position>
                        <quantity>0</quantity>
				</Point>
				<Point>
					<position>44</position>
                        <quantity>0</quantity>
				</Point>
				<Point>
					<position>45</position>
                        <quantity>0</quantity>
				</Point>
				<Point>
					<position>46</position>
                        <quantity>0</quantity>
				</Point>
				<Point>
					<position>47</position>
                        <quantity>0</quantity>
				</Point>
				<Point>
					<position>48</position>
                        <quantity>0</quantity>
				</Point>
				<Point>
					<position>49</position>
                        <quantity>0</quantity>
				</Point>
				<Point>
					<position>50</position>
                        <quantity>0</quantity>
				</Point>
				<Point>
					<position>51</position>
                        <quantity>0</quantity>
				</Point>
				<Point>
					<position>52</position>
                        <quantity>0</quantity>
				</Point>
				<Point>
					<position>53</position>
                        <quantity>0</quantity>
				</Point>
				<Point>
					<position>54</position>
                        <quantity>0</quantity>
				</Point>
				<Point>
					<position>55</position>
                        <quantity>0</quantity>
				</Point>
				<Point>
					<position>56</position>
                        <quantity>0</quantity>
				</Point>
				<Point>
					<position>57</position>
                        <quantity>0</quantity>
				</Point>
				<Point>
					<position>58</position>
                        <quantity>0</quantity>
				</Point>
				<Point>
					<position>59</position>
                        <quantity>0</quantity>
				</Point>
				<Point>
					<position>60</position>
                        <quantity>0</quantity>
				</Point>
				<Point>
					<position>61</position>
                        <quantity>0</quantity>
				</Point>
				<Point>
					<position>62</position>
                        <quantity>0</quantity>
				</Point>
				<Point>
					<position>63</position>
                        <quantity>0</quantity>
				</Point>
				<Point>
					<position>64</position>
                        <quantity>0</quantity>
				</Point>
				<Point>
					<position>65</position>
                        <quantity>0</quantity>
				</Point>
				<Point>
					<position>66</position>
                        <quantity>0</quantity>
				</Point>
				<Point>
					<position>67</position>
                        <quantity>0</quantity>
				</Point>
				<Point>
					<position>68</position>
                        <quantity>0</quantity>
				</Point>
				<Point>
					<position>69</position>
                        <quantity>0</quantity>
				</Point>
				<Point>
					<position>70</position>
                        <quantity>0</quantity>
				</Point>
				<Point>
					<position>71</position>
                        <quantity>0</quantity>
				</Point>
				<Point>
					<position>72</position>
                        <quantity>0</quantity>
				</Point>
				<Point>
					<position>73</position>
                        <quantity>0</quantity>
				</Point>
				<Point>
					<position>74</position>
                        <quantity>0</quantity>
				</Point>
				<Point>
					<position>75</position>
                        <quantity>0</quantity>
				</Point>
				<Point>
					<position>76</position>
                        <quantity>0</quantity>
				</Point>
				<Point>
					<position>77</position>
                        <quantity>0</quantity>
				</Point>
				<Point>
					<position>78</position>
                        <quantity>0</quantity>
				</Point>
				<Point>
					<position>79</position>
                        <quantity>0</quantity>
				</Point>
				<Point>
					<position>80</position>
                        <quantity>0</quantity>
				</Point>
				<Point>
					<position>81</position>
                        <quantity>0</quantity>
				</Point>
				<Point>
					<position>82</position>
                        <quantity>0</quantity>
				</Point>
				<Point>
					<position>83</position>
                        <quantity>0</quantity>
				</Point>
				<Point>
					<position>84</position>
                        <quantity>0</quantity>
				</Point>
				<Point>
					<position>85</position>
                        <quantity>0</quantity>
				</Point>
				<Point>
					<position>86</position>
                        <quantity>0</quantity>
				</Point>
				<Point>
					<position>87</position>
                        <quantity>0</quantity>
				</Point>
				<Point>
					<position>88</position>
                        <quantity>0</quantity>
				</Point>
				<Point>
					<position>89</position>
                        <quantity>0</quantity>
				</Point>
				<Point>
					<position>90</position>
                        <quantity>0</quantity>
				</Point>
				<Point>
					<position>91</position>
                        <quantity>0</quantity>
				</Point>
				<Point>
					<position>92</position>
                        <quantity>0</quantity>
				</Point>
		</Period>
	</TimeSeries>
	<TimeSeries>
		<mRID>26</mRID>
		<businessType>A94</businessType>
		<objectAggregation>A08</objectAggregation>
		<inBiddingZone_Domain.mRID codingScheme="A01">10YNL----------L</inBiddingZone_Domain.mRID>
		<quantity_Measure_Unit.name>MAW</quantity_Measure_Unit.name>
		<curveType>A01</curveType>
		<MktPSRType>
			<psrType>B16</psrType>
		</MktPSRType>
		<Period>
			<timeInterval>
				<start>2020-03-18T23:00Z</start>
				<end>2020-03-19T00:00Z</end>
			</timeInterval>
			<resolution>PT15M</resolution>
				<Point>
					<position>1</position>
                        <quantity>0</quantity>
				</Point>
				<Point>
					<position>2</position>
                        <quantity>0</quantity>
				</Point>
				<Point>
					<position>3</position>
                        <quantity>0</quantity>
				</Point>
				<Point>
					<position>4</position>
                        <quantity>0</quantity>
				</Point>
		</Period>
	</TimeSeries>
	<TimeSeries>
		<mRID>27</mRID>
		<businessType>A94</businessType>
		<objectAggregation>A08</objectAggregation>
		<outBiddingZone_Domain.mRID codingScheme="A01">10YNL----------L</outBiddingZone_Domain.mRID>
		<quantity_Measure_Unit.name>MAW</quantity_Measure_Unit.name>
		<curveType>A01</curveType>
		<MktPSRType>
			<psrType>B16</psrType>
		</MktPSRType>
		<Period>
			<timeInterval>
				<start>2020-03-18T23:00Z</start>
				<end>2020-03-19T00:00Z</end>
			</timeInterval>
			<resolution>PT15M</resolution>
				<Point>
					<position>1</position>
                        <quantity>0</quantity>
				</Point>
				<Point>
					<position>2</position>
                        <quantity>0</quantity>
				</Point>
				<Point>
					<position>3</position>
                        <quantity>0</quantity>
				</Point>
				<Point>
					<position>4</position>
                        <quantity>0</quantity>
				</Point>
		</Period>
	</TimeSeries>
	<TimeSeries>
		<mRID>28</mRID>
		<businessType>A01</businessType>
		<objectAggregation>A08</objectAggregation>
		<inBiddingZone_Domain.mRID codingScheme="A01">10YNL----------L</inBiddingZone_Domain.mRID>
		<quantity_Measure_Unit.name>MAW</quantity_Measure_Unit.name>
		<curveType>A01</curveType>
		<MktPSRType>
			<psrType>B17</psrType>
		</MktPSRType>
		<Period>
			<timeInterval>
				<start>2020-03-18T00:00Z</start>
				<end>2020-03-18T23:00Z</end>
			</timeInterval>
			<resolution>PT15M</resolution>
				<Point>
					<position>1</position>
                        <quantity>88</quantity>
				</Point>
				<Point>
					<position>2</position>
                        <quantity>87</quantity>
				</Point>
				<Point>
					<position>3</position>
                        <quantity>87</quantity>
				</Point>
				<Point>
					<position>4</position>
                        <quantity>89</quantity>
				</Point>
				<Point>
					<position>5</position>
                        <quantity>87</quantity>
				</Point>
				<Point>
					<position>6</position>
                        <quantity>87</quantity>
				</Point>
				<Point>
					<position>7</position>
                        <quantity>85</quantity>
				</Point>
				<Point>
					<position>8</position>
                        <quantity>86</quantity>
				</Point>
				<Point>
					<position>9</position>
                        <quantity>87</quantity>
				</Point>
				<Point>
					<position>10</position>
                        <quantity>85</quantity>
				</Point>
				<Point>
					<position>11</position>
                        <quantity>86</quantity>
				</Point>
				<Point>
					<position>12</position>
                        <quantity>87</quantity>
				</Point>
				<Point>
					<position>13</position>
                        <quantity>85</quantity>
				</Point>
				<Point>
					<position>14</position>
                        <quantity>88</quantity>
				</Point>
				<Point>
					<position>15</position>
                        <quantity>87</quantity>
				</Point>
				<Point>
					<position>16</position>
                        <quantity>86</quantity>
				</Point>
				<Point>
					<position>17</position>
                        <quantity>88</quantity>
				</Point>
				<Point>
					<position>18</position>
                        <quantity>87</quantity>
				</Point>
				<Point>
					<position>19</position>
                        <quantity>87</quantity>
				</Point>
				<Point>
					<position>20</position>
                        <quantity>88</quantity>
				</Point>
				<Point>
					<position>21</position>
                        <quantity>87</quantity>
				</Point>
				<Point>
					<position>22</position>
                        <quantity>85</quantity>
				</Point>
				<Point>
					<position>23</position>
                        <quantity>86</quantity>
				</Point>
				<Point>
					<position>24</position>
                        <quantity>89</quantity>
				</Point>
				<Point>
					<position>25</position>
                        <quantity>89</quantity>
				</Point>
				<Point>
					<position>26</position>
                        <quantity>88</quantity>
				</Point>
				<Point>
					<position>27</position>
                        <quantity>88</quantity>
				</Point>
				<Point>
					<position>28</position>
                        <quantity>83</quantity>
				</Point>
				<Point>
					<position>29</position>
                        <quantity>76</quantity>
				</Point>
				<Point>
					<position>30</position>
                        <quantity>69</quantity>
				</Point>
				<Point>
					<position>31</position>
                        <quantity>69</quantity>
				</Point>
				<Point>
					<position>32</position>
                        <quantity>68</quantity>
				</Point>
				<Point>
					<position>33</position>
                        <quantity>69</quantity>
				</Point>
				<Point>
					<position>34</position>
                        <quantity>64</quantity>
				</Point>
				<Point>
					<position>35</position>
                        <quantity>61</quantity>
				</Point>
				<Point>
					<position>36</position>
                        <quantity>59</quantity>
				</Point>
				<Point>
					<position>37</position>
                        <quantity>57</quantity>
				</Point>
				<Point>
					<position>38</position>
                        <quantity>56</quantity>
				</Point>
				<Point>
					<position>39</position>
                        <quantity>56</quantity>
				</Point>
				<Point>
					<position>40</position>
                        <quantity>56</quantity>
				</Point>
				<Point>
					<position>41</position>
                        <quantity>57</quantity>
				</Point>
				<Point>
					<position>42</position>
                        <quantity>57</quantity>
				</Point>
				<Point>
					<position>43</position>
                        <quantity>57</quantity>
				</Point>
				<Point>
					<position>44</position>
                        <quantity>57</quantity>
				</Point>
				<Point>
					<position>45</position>
                        <quantity>58</quantity>
				</Point>
				<Point>
					<position>46</position>
                        <quantity>57</quantity>
				</Point>
				<Point>
					<position>47</position>
                        <quantity>58</quantity>
				</Point>
				<Point>
					<position>48</position>
                        <quantity>57</quantity>
				</Point>
				<Point>
					<position>49</position>
                        <quantity>56</quantity>
				</Point>
				<Point>
					<position>50</position>
                        <quantity>57</quantity>
				</Point>
				<Point>
					<position>51</position>
                        <quantity>58</quantity>
				</Point>
				<Point>
					<position>52</position>
                        <quantity>56</quantity>
				</Point>
				<Point>
					<position>53</position>
                        <quantity>57</quantity>
				</Point>
				<Point>
					<position>54</position>
                        <quantity>58</quantity>
				</Point>
				<Point>
					<position>55</position>
                        <quantity>57</quantity>
				</Point>
				<Point>
					<position>56</position>
                        <quantity>56</quantity>
				</Point>
				<Point>
					<position>57</position>
                        <quantity>56</quantity>
				</Point>
				<Point>
					<position>58</position>
                        <quantity>55</quantity>
				</Point>
				<Point>
					<position>59</position>
                        <quantity>52</quantity>
				</Point>
				<Point>
					<position>60</position>
                        <quantity>55</quantity>
				</Point>
				<Point>
					<position>61</position>
                        <quantity>56</quantity>
				</Point>
				<Point>
					<position>62</position>
                        <quantity>57</quantity>
				</Point>
				<Point>
					<position>63</position>
                        <quantity>54</quantity>
				</Point>
				<Point>
					<position>64</position>
                        <quantity>52</quantity>
				</Point>
				<Point>
					<position>65</position>
                        <quantity>52</quantity>
				</Point>
				<Point>
					<position>66</position>
                        <quantity>55</quantity>
				</Point>
				<Point>
					<position>67</position>
                        <quantity>55</quantity>
				</Point>
				<Point>
					<position>68</position>
                        <quantity>56</quantity>
				</Point>
				<Point>
					<position>69</position>
                        <quantity>56</quantity>
				</Point>
				<Point>
					<position>70</position>
                        <quantity>56</quantity>
				</Point>
				<Point>
					<position>71</position>
                        <quantity>56</quantity>
				</Point>
				<Point>
					<position>72</position>
                        <quantity>57</quantity>
				</Point>
				<Point>
					<position>73</position>
                        <quantity>56</quantity>
				</Point>
				<Point>
					<position>74</position>
                        <quantity>55</quantity>
				</Point>
				<Point>
					<position>75</position>
                        <quantity>56</quantity>
				</Point>
				<Point>
					<position>76</position>
                        <quantity>54</quantity>
				</Point>
				<Point>
					<position>77</position>
                        <quantity>54</quantity>
				</Point>
				<Point>
					<position>78</position>
                        <quantity>55</quantity>
				</Point>
				<Point>
					<position>79</position>
                        <quantity>53</quantity>
				</Point>
				<Point>
					<position>80</position>
                        <quantity>54</quantity>
				</Point>
				<Point>
					<position>81</position>
                        <quantity>51</quantity>
				</Point>
				<Point>
					<position>82</position>
                        <quantity>52</quantity>
				</Point>
				<Point>
					<position>83</position>
                        <quantity>51</quantity>
				</Point>
				<Point>
					<position>84</position>
                        <quantity>51</quantity>
				</Point>
				<Point>
					<position>85</position>
                        <quantity>52</quantity>
				</Point>
				<Point>
					<position>86</position>
                        <quantity>51</quantity>
				</Point>
				<Point>
					<position>87</position>
                        <quantity>51</quantity>
				</Point>
				<Point>
					<position>88</position>
                        <quantity>51</quantity>
				</Point>
				<Point>
					<position>89</position>
                        <quantity>48</quantity>
				</Point>
				<Point>
					<position>90</position>
                        <quantity>44</quantity>
				</Point>
				<Point>
					<position>91</position>
                        <quantity>39</quantity>
				</Point>
				<Point>
					<position>92</position>
                        <quantity>52</quantity>
				</Point>
		</Period>
	</TimeSeries>
	<TimeSeries>
		<mRID>29</mRID>
		<businessType>A01</businessType>
		<objectAggregation>A08</objectAggregation>
		<outBiddingZone_Domain.mRID codingScheme="A01">10YNL----------L</outBiddingZone_Domain.mRID>
		<quantity_Measure_Unit.name>MAW</quantity_Measure_Unit.name>
		<curveType>A01</curveType>
		<MktPSRType>
			<psrType>B17</psrType>
		</MktPSRType>
		<Period>
			<timeInterval>
				<start>2020-03-18T00:00Z</start>
				<end>2020-03-18T23:00Z</end>
			</timeInterval>
			<resolution>PT15M</resolution>
				<Point>
					<position>1</position>
                        <quantity>0</quantity>
				</Point>
				<Point>
					<position>2</position>
                        <quantity>0</quantity>
				</Point>
				<Point>
					<position>3</position>
                        <quantity>0</quantity>
				</Point>
				<Point>
					<position>4</position>
                        <quantity>0</quantity>
				</Point>
				<Point>
					<position>5</position>
                        <quantity>0</quantity>
				</Point>
				<Point>
					<position>6</position>
                        <quantity>0</quantity>
				</Point>
				<Point>
					<position>7</position>
                        <quantity>0</quantity>
				</Point>
				<Point>
					<position>8</position>
                        <quantity>0</quantity>
				</Point>
				<Point>
					<position>9</position>
                        <quantity>0</quantity>
				</Point>
				<Point>
					<position>10</position>
                        <quantity>0</quantity>
				</Point>
				<Point>
					<position>11</position>
                        <quantity>0</quantity>
				</Point>
				<Point>
					<position>12</position>
                        <quantity>0</quantity>
				</Point>
				<Point>
					<position>13</position>
                        <quantity>0</quantity>
				</Point>
				<Point>
					<position>14</position>
                        <quantity>0</quantity>
				</Point>
				<Point>
					<position>15</position>
                        <quantity>0</quantity>
				</Point>
				<Point>
					<position>16</position>
                        <quantity>0</quantity>
				</Point>
				<Point>
					<position>17</position>
                        <quantity>0</quantity>
				</Point>
				<Point>
					<position>18</position>
                        <quantity>0</quantity>
				</Point>
				<Point>
					<position>19</position>
                        <quantity>0</quantity>
				</Point>
				<Point>
					<position>20</position>
                        <quantity>0</quantity>
				</Point>
				<Point>
					<position>21</position>
                        <quantity>0</quantity>
				</Point>
				<Point>
					<position>22</position>
                        <quantity>0</quantity>
				</Point>
				<Point>
					<position>23</position>
                        <quantity>0</quantity>
				</Point>
				<Point>
					<position>24</position>
                        <quantity>0</quantity>
				</Point>
				<Point>
					<position>25</position>
                        <quantity>0</quantity>
				</Point>
				<Point>
					<position>26</position>
                        <quantity>0</quantity>
				</Point>
				<Point>
					<position>27</position>
                        <quantity>0</quantity>
				</Point>
				<Point>
					<position>28</position>
                        <quantity>0</quantity>
				</Point>
				<Point>
					<position>29</position>
                        <quantity>0</quantity>
				</Point>
				<Point>
					<position>30</position>
                        <quantity>0</quantity>
				</Point>
				<Point>
					<position>31</position>
                        <quantity>0</quantity>
				</Point>
				<Point>
					<position>32</position>
                        <quantity>0</quantity>
				</Point>
				<Point>
					<position>33</position>
                        <quantity>0</quantity>
				</Point>
				<Point>
					<position>34</position>
                        <quantity>0</quantity>
				</Point>
				<Point>
					<position>35</position>
                        <quantity>0</quantity>
				</Point>
				<Point>
					<position>36</position>
                        <quantity>0</quantity>
				</Point>
				<Point>
					<position>37</position>
                        <quantity>0</quantity>
				</Point>
				<Point>
					<position>38</position>
                        <quantity>0</quantity>
				</Point>
				<Point>
					<position>39</position>
                        <quantity>0</quantity>
				</Point>
				<Point>
					<position>40</position>
                        <quantity>0</quantity>
				</Point>
				<Point>
					<position>41</position>
                        <quantity>0</quantity>
				</Point>
				<Point>
					<position>42</position>
                        <quantity>0</quantity>
				</Point>
				<Point>
					<position>43</position>
                        <quantity>0</quantity>
				</Point>
				<Point>
					<position>44</position>
                        <quantity>0</quantity>
				</Point>
				<Point>
					<position>45</position>
                        <quantity>0</quantity>
				</Point>
				<Point>
					<position>46</position>
                        <quantity>0</quantity>
				</Point>
				<Point>
					<position>47</position>
                        <quantity>0</quantity>
				</Point>
				<Point>
					<position>48</position>
                        <quantity>0</quantity>
				</Point>
				<Point>
					<position>49</position>
                        <quantity>0</quantity>
				</Point>
				<Point>
					<position>50</position>
                        <quantity>0</quantity>
				</Point>
				<Point>
					<position>51</position>
                        <quantity>0</quantity>
				</Point>
				<Point>
					<position>52</position>
                        <quantity>0</quantity>
				</Point>
				<Point>
					<position>53</position>
                        <quantity>0</quantity>
				</Point>
				<Point>
					<position>54</position>
                        <quantity>0</quantity>
				</Point>
				<Point>
					<position>55</position>
                        <quantity>0</quantity>
				</Point>
				<Point>
					<position>56</position>
                        <quantity>0</quantity>
				</Point>
				<Point>
					<position>57</position>
                        <quantity>0</quantity>
				</Point>
				<Point>
					<position>58</position>
                        <quantity>0</quantity>
				</Point>
				<Point>
					<position>59</position>
                        <quantity>0</quantity>
				</Point>
				<Point>
					<position>60</position>
                        <quantity>0</quantity>
				</Point>
				<Point>
					<position>61</position>
                        <quantity>0</quantity>
				</Point>
				<Point>
					<position>62</position>
                        <quantity>0</quantity>
				</Point>
				<Point>
					<position>63</position>
                        <quantity>0</quantity>
				</Point>
				<Point>
					<position>64</position>
                        <quantity>0</quantity>
				</Point>
				<Point>
					<position>65</position>
                        <quantity>0</quantity>
				</Point>
				<Point>
					<position>66</position>
                        <quantity>0</quantity>
				</Point>
				<Point>
					<position>67</position>
                        <quantity>0</quantity>
				</Point>
				<Point>
					<position>68</position>
                        <quantity>0</quantity>
				</Point>
				<Point>
					<position>69</position>
                        <quantity>0</quantity>
				</Point>
				<Point>
					<position>70</position>
                        <quantity>0</quantity>
				</Point>
				<Point>
					<position>71</position>
                        <quantity>0</quantity>
				</Point>
				<Point>
					<position>72</position>
                        <quantity>0</quantity>
				</Point>
				<Point>
					<position>73</position>
                        <quantity>0</quantity>
				</Point>
				<Point>
					<position>74</position>
                        <quantity>0</quantity>
				</Point>
				<Point>
					<position>75</position>
                        <quantity>0</quantity>
				</Point>
				<Point>
					<position>76</position>
                        <quantity>0</quantity>
				</Point>
				<Point>
					<position>77</position>
                        <quantity>0</quantity>
				</Point>
				<Point>
					<position>78</position>
                        <quantity>0</quantity>
				</Point>
				<Point>
					<position>79</position>
                        <quantity>0</quantity>
				</Point>
				<Point>
					<position>80</position>
                        <quantity>0</quantity>
				</Point>
				<Point>
					<position>81</position>
                        <quantity>0</quantity>
				</Point>
				<Point>
					<position>82</position>
                        <quantity>0</quantity>
				</Point>
				<Point>
					<position>83</position>
                        <quantity>0</quantity>
				</Point>
				<Point>
					<position>84</position>
                        <quantity>0</quantity>
				</Point>
				<Point>
					<position>85</position>
                        <quantity>0</quantity>
				</Point>
				<Point>
					<position>86</position>
                        <quantity>0</quantity>
				</Point>
				<Point>
					<position>87</position>
                        <quantity>0</quantity>
				</Point>
				<Point>
					<position>88</position>
                        <quantity>0</quantity>
				</Point>
				<Point>
					<position>89</position>
                        <quantity>0</quantity>
				</Point>
				<Point>
					<position>90</position>
                        <quantity>0</quantity>
				</Point>
				<Point>
					<position>91</position>
                        <quantity>0</quantity>
				</Point>
				<Point>
					<position>92</position>
                        <quantity>0</quantity>
				</Point>
		</Period>
	</TimeSeries>
	<TimeSeries>
		<mRID>30</mRID>
		<businessType>A01</businessType>
		<objectAggregation>A08</objectAggregation>
		<inBiddingZone_Domain.mRID codingScheme="A01">10YNL----------L</inBiddingZone_Domain.mRID>
		<quantity_Measure_Unit.name>MAW</quantity_Measure_Unit.name>
		<curveType>A01</curveType>
		<MktPSRType>
			<psrType>B17</psrType>
		</MktPSRType>
		<Period>
			<timeInterval>
				<start>2020-03-18T23:00Z</start>
				<end>2020-03-19T00:00Z</end>
			</timeInterval>
			<resolution>PT15M</resolution>
				<Point>
					<position>1</position>
                        <quantity>73</quantity>
				</Point>
				<Point>
					<position>2</position>
                        <quantity>85</quantity>
				</Point>
				<Point>
					<position>3</position>
                        <quantity>86</quantity>
				</Point>
				<Point>
					<position>4</position>
                        <quantity>85</quantity>
				</Point>
		</Period>
	</TimeSeries>
	<TimeSeries>
		<mRID>31</mRID>
		<businessType>A01</businessType>
		<objectAggregation>A08</objectAggregation>
		<outBiddingZone_Domain.mRID codingScheme="A01">10YNL----------L</outBiddingZone_Domain.mRID>
		<quantity_Measure_Unit.name>MAW</quantity_Measure_Unit.name>
		<curveType>A01</curveType>
		<MktPSRType>
			<psrType>B17</psrType>
		</MktPSRType>
		<Period>
			<timeInterval>
				<start>2020-03-18T23:00Z</start>
				<end>2020-03-19T00:00Z</end>
			</timeInterval>
			<resolution>PT15M</resolution>
				<Point>
					<position>1</position>
                        <quantity>0</quantity>
				</Point>
				<Point>
					<position>2</position>
                        <quantity>0</quantity>
				</Point>
				<Point>
					<position>3</position>
                        <quantity>0</quantity>
				</Point>
				<Point>
					<position>4</position>
                        <quantity>0</quantity>
				</Point>
		</Period>
	</TimeSeries>
	<TimeSeries>
		<mRID>32</mRID>
		<businessType>A93</businessType>
		<objectAggregation>A08</objectAggregation>
		<inBiddingZone_Domain.mRID codingScheme="A01">10YNL----------L</inBiddingZone_Domain.mRID>
		<quantity_Measure_Unit.name>MAW</quantity_Measure_Unit.name>
		<curveType>A01</curveType>
		<MktPSRType>
			<psrType>B18</psrType>
		</MktPSRType>
		<Period>
			<timeInterval>
				<start>2020-03-18T00:00Z</start>
				<end>2020-03-18T23:00Z</end>
			</timeInterval>
			<resolution>PT15M</resolution>
				<Point>
					<position>1</position>
                        <quantity>803</quantity>
				</Point>
				<Point>
					<position>2</position>
                        <quantity>808</quantity>
				</Point>
				<Point>
					<position>3</position>
                        <quantity>811</quantity>
				</Point>
				<Point>
					<position>4</position>
                        <quantity>807</quantity>
				</Point>
				<Point>
					<position>5</position>
                        <quantity>802</quantity>
				</Point>
				<Point>
					<position>6</position>
                        <quantity>807</quantity>
				</Point>
				<Point>
					<position>7</position>
                        <quantity>809</quantity>
				</Point>
				<Point>
					<position>8</position>
                        <quantity>810</quantity>
				</Point>
				<Point>
					<position>9</position>
                        <quantity>810</quantity>
				</Point>
				<Point>
					<position>10</position>
                        <quantity>807</quantity>
				</Point>
				<Point>
					<position>11</position>
                        <quantity>808</quantity>
				</Point>
				<Point>
					<position>12</position>
                        <quantity>809</quantity>
				</Point>
				<Point>
					<position>13</position>
                        <quantity>811</quantity>
				</Point>
				<Point>
					<position>14</position>
                        <quantity>810</quantity>
				</Point>
				<Point>
					<position>15</position>
                        <quantity>807</quantity>
				</Point>
				<Point>
					<position>16</position>
                        <quantity>804</quantity>
				</Point>
				<Point>
					<position>17</position>
                        <quantity>806</quantity>
				</Point>
				<Point>
					<position>18</position>
                        <quantity>803</quantity>
				</Point>
				<Point>
					<position>19</position>
                        <quantity>803</quantity>
				</Point>
				<Point>
					<position>20</position>
                        <quantity>803</quantity>
				</Point>
				<Point>
					<position>21</position>
                        <quantity>804</quantity>
				</Point>
				<Point>
					<position>22</position>
                        <quantity>804</quantity>
				</Point>
				<Point>
					<position>23</position>
                        <quantity>807</quantity>
				</Point>
				<Point>
					<position>24</position>
                        <quantity>808</quantity>
				</Point>
				<Point>
					<position>25</position>
                        <quantity>805</quantity>
				</Point>
				<Point>
					<position>26</position>
                        <quantity>805</quantity>
				</Point>
				<Point>
					<position>27</position>
                        <quantity>804</quantity>
				</Point>
				<Point>
					<position>28</position>
                        <quantity>798</quantity>
				</Point>
				<Point>
					<position>29</position>
                        <quantity>806</quantity>
				</Point>
				<Point>
					<position>30</position>
                        <quantity>798</quantity>
				</Point>
				<Point>
					<position>31</position>
                        <quantity>797</quantity>
				</Point>
				<Point>
					<position>32</position>
                        <quantity>805</quantity>
				</Point>
				<Point>
					<position>33</position>
                        <quantity>803</quantity>
				</Point>
				<Point>
					<position>34</position>
                        <quantity>791</quantity>
				</Point>
				<Point>
					<position>35</position>
                        <quantity>803</quantity>
				</Point>
				<Point>
					<position>36</position>
                        <quantity>806</quantity>
				</Point>
				<Point>
					<position>37</position>
                        <quantity>803</quantity>
				</Point>
				<Point>
					<position>38</position>
                        <quantity>803</quantity>
				</Point>
				<Point>
					<position>39</position>
                        <quantity>806</quantity>
				</Point>
				<Point>
					<position>40</position>
                        <quantity>805</quantity>
				</Point>
				<Point>
					<position>41</position>
                        <quantity>791</quantity>
				</Point>
				<Point>
					<position>42</position>
                        <quantity>774</quantity>
				</Point>
				<Point>
					<position>43</position>
                        <quantity>773</quantity>
				</Point>
				<Point>
					<position>44</position>
                        <quantity>757</quantity>
				</Point>
				<Point>
					<position>45</position>
                        <quantity>732</quantity>
				</Point>
				<Point>
					<position>46</position>
                        <quantity>679</quantity>
				</Point>
				<Point>
					<position>47</position>
                        <quantity>623</quantity>
				</Point>
				<Point>
					<position>48</position>
                        <quantity>556</quantity>
				</Point>
				<Point>
					<position>49</position>
                        <quantity>479</quantity>
				</Point>
				<Point>
					<position>50</position>
                        <quantity>404</quantity>
				</Point>
				<Point>
					<position>51</position>
                        <quantity>360</quantity>
				</Point>
				<Point>
					<position>52</position>
                        <quantity>317</quantity>
				</Point>
				<Point>
					<position>53</position>
                        <quantity>304</quantity>
				</Point>
				<Point>
					<position>54</position>
                        <quantity>284</quantity>
				</Point>
				<Point>
					<position>55</position>
                        <quantity>274</quantity>
				</Point>
				<Point>
					<position>56</position>
                        <quantity>254</quantity>
				</Point>
				<Point>
					<position>57</position>
                        <quantity>246</quantity>
				</Point>
				<Point>
					<position>58</position>
                        <quantity>237</quantity>
				</Point>
				<Point>
					<position>59</position>
                        <quantity>235</quantity>
				</Point>
				<Point>
					<position>60</position>
                        <quantity>244</quantity>
				</Point>
				<Point>
					<position>61</position>
                        <quantity>247</quantity>
				</Point>
				<Point>
					<position>62</position>
                        <quantity>240</quantity>
				</Point>
				<Point>
					<position>63</position>
                        <quantity>245</quantity>
				</Point>
				<Point>
					<position>64</position>
                        <quantity>223</quantity>
				</Point>
				<Point>
					<position>65</position>
                        <quantity>228</quantity>
				</Point>
				<Point>
					<position>66</position>
                        <quantity>240</quantity>
				</Point>
				<Point>
					<position>67</position>
                        <quantity>223</quantity>
				</Point>
				<Point>
					<position>68</position>
                        <quantity>219</quantity>
				</Point>
				<Point>
					<position>69</position>
                        <quantity>213</quantity>
				</Point>
				<Point>
					<position>70</position>
                        <quantity>206</quantity>
				</Point>
				<Point>
					<position>71</position>
                        <quantity>208</quantity>
				</Point>
				<Point>
					<position>72</position>
                        <quantity>202</quantity>
				</Point>
				<Point>
					<position>73</position>
                        <quantity>201</quantity>
				</Point>
				<Point>
					<position>74</position>
                        <quantity>197</quantity>
				</Point>
				<Point>
					<position>75</position>
                        <quantity>184</quantity>
				</Point>
				<Point>
					<position>76</position>
                        <quantity>186</quantity>
				</Point>
				<Point>
					<position>77</position>
                        <quantity>200</quantity>
				</Point>
				<Point>
					<position>78</position>
                        <quantity>193</quantity>
				</Point>
				<Point>
					<position>79</position>
                        <quantity>166</quantity>
				</Point>
				<Point>
					<position>80</position>
                        <quantity>158</quantity>
				</Point>
				<Point>
					<position>81</position>
                        <quantity>156</quantity>
				</Point>
				<Point>
					<position>82</position>
                        <quantity>148</quantity>
				</Point>
				<Point>
					<position>83</position>
                        <quantity>126</quantity>
				</Point>
				<Point>
					<position>84</position>
                        <quantity>118</quantity>
				</Point>
				<Point>
					<position>85</position>
                        <quantity>107</quantity>
				</Point>
				<Point>
					<position>86</position>
                        <quantity>94</quantity>
				</Point>
				<Point>
					<position>87</position>
                        <quantity>79</quantity>
				</Point>
				<Point>
					<position>88</position>
                        <quantity>74</quantity>
				</Point>
				<Point>
					<position>89</position>
                        <quantity>68</quantity>
				</Point>
				<Point>
					<position>90</position>
                        <quantity>66</quantity>
				</Point>
				<Point>
					<position>91</position>
                        <quantity>62</quantity>
				</Point>
				<Point>
					<position>92</position>
                        <quantity>70</quantity>
				</Point>
		</Period>
	</TimeSeries>
	<TimeSeries>
		<mRID>33</mRID>
		<businessType>A93</businessType>
		<objectAggregation>A08</objectAggregation>
		<outBiddingZone_Domain.mRID codingScheme="A01">10YNL----------L</outBiddingZone_Domain.mRID>
		<quantity_Measure_Unit.name>MAW</quantity_Measure_Unit.name>
		<curveType>A01</curveType>
		<MktPSRType>
			<psrType>B18</psrType>
		</MktPSRType>
		<Period>
			<timeInterval>
				<start>2020-03-18T00:00Z</start>
				<end>2020-03-18T23:00Z</end>
			</timeInterval>
			<resolution>PT15M</resolution>
				<Point>
					<position>1</position>
                        <quantity>0</quantity>
				</Point>
				<Point>
					<position>2</position>
                        <quantity>0</quantity>
				</Point>
				<Point>
					<position>3</position>
                        <quantity>0</quantity>
				</Point>
				<Point>
					<position>4</position>
                        <quantity>0</quantity>
				</Point>
				<Point>
					<position>5</position>
                        <quantity>0</quantity>
				</Point>
				<Point>
					<position>6</position>
                        <quantity>0</quantity>
				</Point>
				<Point>
					<position>7</position>
                        <quantity>0</quantity>
				</Point>
				<Point>
					<position>8</position>
                        <quantity>0</quantity>
				</Point>
				<Point>
					<position>9</position>
                        <quantity>0</quantity>
				</Point>
				<Point>
					<position>10</position>
                        <quantity>0</quantity>
				</Point>
				<Point>
					<position>11</position>
                        <quantity>0</quantity>
				</Point>
				<Point>
					<position>12</position>
                        <quantity>0</quantity>
				</Point>
				<Point>
					<position>13</position>
                        <quantity>0</quantity>
				</Point>
				<Point>
					<position>14</position>
                        <quantity>0</quantity>
				</Point>
				<Point>
					<position>15</position>
                        <quantity>0</quantity>
				</Point>
				<Point>
					<position>16</position>
                        <quantity>0</quantity>
				</Point>
				<Point>
					<position>17</position>
                        <quantity>0</quantity>
				</Point>
				<Point>
					<position>18</position>
                        <quantity>0</quantity>
				</Point>
				<Point>
					<position>19</position>
                        <quantity>0</quantity>
				</Point>
				<Point>
					<position>20</position>
                        <quantity>0</quantity>
				</Point>
				<Point>
					<position>21</position>
                        <quantity>0</quantity>
				</Point>
				<Point>
					<position>22</position>
                        <quantity>0</quantity>
				</Point>
				<Point>
					<position>23</position>
                        <quantity>0</quantity>
				</Point>
				<Point>
					<position>24</position>
                        <quantity>0</quantity>
				</Point>
				<Point>
					<position>25</position>
                        <quantity>0</quantity>
				</Point>
				<Point>
					<position>26</position>
                        <quantity>0</quantity>
				</Point>
				<Point>
					<position>27</position>
                        <quantity>0</quantity>
				</Point>
				<Point>
					<position>28</position>
                        <quantity>0</quantity>
				</Point>
				<Point>
					<position>29</position>
                        <quantity>0</quantity>
				</Point>
				<Point>
					<position>30</position>
                        <quantity>0</quantity>
				</Point>
				<Point>
					<position>31</position>
                        <quantity>0</quantity>
				</Point>
				<Point>
					<position>32</position>
                        <quantity>0</quantity>
				</Point>
				<Point>
					<position>33</position>
                        <quantity>0</quantity>
				</Point>
				<Point>
					<position>34</position>
                        <quantity>0</quantity>
				</Point>
				<Point>
					<position>35</position>
                        <quantity>0</quantity>
				</Point>
				<Point>
					<position>36</position>
                        <quantity>0</quantity>
				</Point>
				<Point>
					<position>37</position>
                        <quantity>0</quantity>
				</Point>
				<Point>
					<position>38</position>
                        <quantity>0</quantity>
				</Point>
				<Point>
					<position>39</position>
                        <quantity>0</quantity>
				</Point>
				<Point>
					<position>40</position>
                        <quantity>0</quantity>
				</Point>
				<Point>
					<position>41</position>
                        <quantity>0</quantity>
				</Point>
				<Point>
					<position>42</position>
                        <quantity>0</quantity>
				</Point>
				<Point>
					<position>43</position>
                        <quantity>0</quantity>
				</Point>
				<Point>
					<position>44</position>
                        <quantity>0</quantity>
				</Point>
				<Point>
					<position>45</position>
                        <quantity>0</quantity>
				</Point>
				<Point>
					<position>46</position>
                        <quantity>0</quantity>
				</Point>
				<Point>
					<position>47</position>
                        <quantity>0</quantity>
				</Point>
				<Point>
					<position>48</position>
                        <quantity>0</quantity>
				</Point>
				<Point>
					<position>49</position>
                        <quantity>0</quantity>
				</Point>
				<Point>
					<position>50</position>
                        <quantity>0</quantity>
				</Point>
				<Point>
					<position>51</position>
                        <quantity>0</quantity>
				</Point>
				<Point>
					<position>52</position>
                        <quantity>0</quantity>
				</Point>
				<Point>
					<position>53</position>
                        <quantity>0</quantity>
				</Point>
				<Point>
					<position>54</position>
                        <quantity>0</quantity>
				</Point>
				<Point>
					<position>55</position>
                        <quantity>0</quantity>
				</Point>
				<Point>
					<position>56</position>
                        <quantity>0</quantity>
				</Point>
				<Point>
					<position>57</position>
                        <quantity>0</quantity>
				</Point>
				<Point>
					<position>58</position>
                        <quantity>0</quantity>
				</Point>
				<Point>
					<position>59</position>
                        <quantity>0</quantity>
				</Point>
				<Point>
					<position>60</position>
                        <quantity>0</quantity>
				</Point>
				<Point>
					<position>61</position>
                        <quantity>0</quantity>
				</Point>
				<Point>
					<position>62</position>
                        <quantity>0</quantity>
				</Point>
				<Point>
					<position>63</position>
                        <quantity>0</quantity>
				</Point>
				<Point>
					<position>64</position>
                        <quantity>0</quantity>
				</Point>
				<Point>
					<position>65</position>
                        <quantity>0</quantity>
				</Point>
				<Point>
					<position>66</position>
                        <quantity>0</quantity>
				</Point>
				<Point>
					<position>67</position>
                        <quantity>0</quantity>
				</Point>
				<Point>
					<position>68</position>
                        <quantity>0</quantity>
				</Point>
				<Point>
					<position>69</position>
                        <quantity>0</quantity>
				</Point>
				<Point>
					<position>70</position>
                        <quantity>0</quantity>
				</Point>
				<Point>
					<position>71</position>
                        <quantity>0</quantity>
				</Point>
				<Point>
					<position>72</position>
                        <quantity>3</quantity>
				</Point>
				<Point>
					<position>73</position>
                        <quantity>10</quantity>
				</Point>
				<Point>
					<position>74</position>
                        <quantity>11</quantity>
				</Point>
				<Point>
					<position>75</position>
                        <quantity>10</quantity>
				</Point>
				<Point>
					<position>76</position>
                        <quantity>2</quantity>
				</Point>
				<Point>
					<position>77</position>
                        <quantity>0</quantity>
				</Point>
				<Point>
					<position>78</position>
                        <quantity>0</quantity>
				</Point>
				<Point>
					<position>79</position>
                        <quantity>0</quantity>
				</Point>
				<Point>
					<position>80</position>
                        <quantity>0</quantity>
				</Point>
				<Point>
					<position>81</position>
                        <quantity>0</quantity>
				</Point>
				<Point>
					<position>82</position>
                        <quantity>4</quantity>
				</Point>
				<Point>
					<position>83</position>
                        <quantity>8</quantity>
				</Point>
				<Point>
					<position>84</position>
                        <quantity>9</quantity>
				</Point>
				<Point>
					<position>85</position>
                        <quantity>10</quantity>
				</Point>
				<Point>
					<position>86</position>
                        <quantity>11</quantity>
				</Point>
				<Point>
					<position>87</position>
                        <quantity>11</quantity>
				</Point>
				<Point>
					<position>88</position>
                        <quantity>12</quantity>
				</Point>
				<Point>
					<position>89</position>
                        <quantity>10</quantity>
				</Point>
				<Point>
					<position>90</position>
                        <quantity>6</quantity>
				</Point>
				<Point>
					<position>91</position>
                        <quantity>0</quantity>
				</Point>
				<Point>
					<position>92</position>
                        <quantity>0</quantity>
				</Point>
		</Period>
	</TimeSeries>
	<TimeSeries>
		<mRID>34</mRID>
		<businessType>A93</businessType>
		<objectAggregation>A08</objectAggregation>
		<inBiddingZone_Domain.mRID codingScheme="A01">10YNL----------L</inBiddingZone_Domain.mRID>
		<quantity_Measure_Unit.name>MAW</quantity_Measure_Unit.name>
		<curveType>A01</curveType>
		<MktPSRType>
			<psrType>B18</psrType>
		</MktPSRType>
		<Period>
			<timeInterval>
				<start>2020-03-18T23:00Z</start>
				<end>2020-03-19T00:00Z</end>
			</timeInterval>
			<resolution>PT15M</resolution>
				<Point>
					<position>1</position>
                        <quantity>53</quantity>
				</Point>
				<Point>
					<position>2</position>
                        <quantity>44</quantity>
				</Point>
				<Point>
					<position>3</position>
                        <quantity>36</quantity>
				</Point>
				<Point>
					<position>4</position>
                        <quantity>27</quantity>
				</Point>
		</Period>
	</TimeSeries>
	<TimeSeries>
		<mRID>35</mRID>
		<businessType>A93</businessType>
		<objectAggregation>A08</objectAggregation>
		<outBiddingZone_Domain.mRID codingScheme="A01">10YNL----------L</outBiddingZone_Domain.mRID>
		<quantity_Measure_Unit.name>MAW</quantity_Measure_Unit.name>
		<curveType>A01</curveType>
		<MktPSRType>
			<psrType>B18</psrType>
		</MktPSRType>
		<Period>
			<timeInterval>
				<start>2020-03-18T23:00Z</start>
				<end>2020-03-19T00:00Z</end>
			</timeInterval>
			<resolution>PT15M</resolution>
				<Point>
					<position>1</position>
                        <quantity>2</quantity>
				</Point>
				<Point>
					<position>2</position>
                        <quantity>7</quantity>
				</Point>
				<Point>
					<position>3</position>
                        <quantity>12</quantity>
				</Point>
				<Point>
					<position>4</position>
                        <quantity>6</quantity>
				</Point>
		</Period>
	</TimeSeries>
	<TimeSeries>
		<mRID>36</mRID>
		<businessType>A93</businessType>
		<objectAggregation>A08</objectAggregation>
		<inBiddingZone_Domain.mRID codingScheme="A01">10YNL----------L</inBiddingZone_Domain.mRID>
		<quantity_Measure_Unit.name>MAW</quantity_Measure_Unit.name>
		<curveType>A01</curveType>
		<MktPSRType>
			<psrType>B19</psrType>
		</MktPSRType>
		<Period>
			<timeInterval>
				<start>2020-03-18T00:00Z</start>
				<end>2020-03-18T23:00Z</end>
			</timeInterval>
			<resolution>PT15M</resolution>
				<Point>
					<position>1</position>
                        <quantity>954</quantity>
				</Point>
				<Point>
					<position>2</position>
                        <quantity>971</quantity>
				</Point>
				<Point>
					<position>3</position>
                        <quantity>967</quantity>
				</Point>
				<Point>
					<position>4</position>
                        <quantity>982</quantity>
				</Point>
				<Point>
					<position>5</position>
                        <quantity>982</quantity>
				</Point>
				<Point>
					<position>6</position>
                        <quantity>980</quantity>
				</Point>
				<Point>
					<position>7</position>
                        <quantity>993</quantity>
				</Point>
				<Point>
					<position>8</position>
                        <quantity>1009</quantity>
				</Point>
				<Point>
					<position>9</position>
                        <quantity>1009</quantity>
				</Point>
				<Point>
					<position>10</position>
                        <quantity>997</quantity>
				</Point>
				<Point>
					<position>11</position>
                        <quantity>976</quantity>
				</Point>
				<Point>
					<position>12</position>
                        <quantity>972</quantity>
				</Point>
				<Point>
					<position>13</position>
                        <quantity>974</quantity>
				</Point>
				<Point>
					<position>14</position>
                        <quantity>991</quantity>
				</Point>
				<Point>
					<position>15</position>
                        <quantity>990</quantity>
				</Point>
				<Point>
					<position>16</position>
                        <quantity>978</quantity>
				</Point>
				<Point>
					<position>17</position>
                        <quantity>965</quantity>
				</Point>
				<Point>
					<position>18</position>
                        <quantity>953</quantity>
				</Point>
				<Point>
					<position>19</position>
                        <quantity>963</quantity>
				</Point>
				<Point>
					<position>20</position>
                        <quantity>965</quantity>
				</Point>
				<Point>
					<position>21</position>
                        <quantity>939</quantity>
				</Point>
				<Point>
					<position>22</position>
                        <quantity>983</quantity>
				</Point>
				<Point>
					<position>23</position>
                        <quantity>971</quantity>
				</Point>
				<Point>
					<position>24</position>
                        <quantity>970</quantity>
				</Point>
				<Point>
					<position>25</position>
                        <quantity>915</quantity>
				</Point>
				<Point>
					<position>26</position>
                        <quantity>961</quantity>
				</Point>
				<Point>
					<position>27</position>
                        <quantity>945</quantity>
				</Point>
				<Point>
					<position>28</position>
                        <quantity>925</quantity>
				</Point>
				<Point>
					<position>29</position>
                        <quantity>870</quantity>
				</Point>
				<Point>
					<position>30</position>
                        <quantity>855</quantity>
				</Point>
				<Point>
					<position>31</position>
                        <quantity>793</quantity>
				</Point>
				<Point>
					<position>32</position>
                        <quantity>775</quantity>
				</Point>
				<Point>
					<position>33</position>
                        <quantity>753</quantity>
				</Point>
				<Point>
					<position>34</position>
                        <quantity>701</quantity>
				</Point>
				<Point>
					<position>35</position>
                        <quantity>733</quantity>
				</Point>
				<Point>
					<position>36</position>
                        <quantity>727</quantity>
				</Point>
				<Point>
					<position>37</position>
                        <quantity>757</quantity>
				</Point>
				<Point>
					<position>38</position>
                        <quantity>745</quantity>
				</Point>
				<Point>
					<position>39</position>
                        <quantity>729</quantity>
				</Point>
				<Point>
					<position>40</position>
                        <quantity>725</quantity>
				</Point>
				<Point>
					<position>41</position>
                        <quantity>727</quantity>
				</Point>
				<Point>
					<position>42</position>
                        <quantity>728</quantity>
				</Point>
				<Point>
					<position>43</position>
                        <quantity>748</quantity>
				</Point>
				<Point>
					<position>44</position>
                        <quantity>754</quantity>
				</Point>
				<Point>
					<position>45</position>
                        <quantity>721</quantity>
				</Point>
				<Point>
					<position>46</position>
                        <quantity>700</quantity>
				</Point>
				<Point>
					<position>47</position>
                        <quantity>709</quantity>
				</Point>
				<Point>
					<position>48</position>
                        <quantity>685</quantity>
				</Point>
				<Point>
					<position>49</position>
                        <quantity>684</quantity>
				</Point>
				<Point>
					<position>50</position>
                        <quantity>699</quantity>
				</Point>
				<Point>
					<position>51</position>
                        <quantity>713</quantity>
				</Point>
				<Point>
					<position>52</position>
                        <quantity>717</quantity>
				</Point>
				<Point>
					<position>53</position>
                        <quantity>699</quantity>
				</Point>
				<Point>
					<position>54</position>
                        <quantity>686</quantity>
				</Point>
				<Point>
					<position>55</position>
                        <quantity>682</quantity>
				</Point>
				<Point>
					<position>56</position>
                        <quantity>668</quantity>
				</Point>
				<Point>
					<position>57</position>
                        <quantity>631</quantity>
				</Point>
				<Point>
					<position>58</position>
                        <quantity>602</quantity>
				</Point>
				<Point>
					<position>59</position>
                        <quantity>579</quantity>
				</Point>
				<Point>
					<position>60</position>
                        <quantity>562</quantity>
				</Point>
				<Point>
					<position>61</position>
                        <quantity>556</quantity>
				</Point>
				<Point>
					<position>62</position>
                        <quantity>531</quantity>
				</Point>
				<Point>
					<position>63</position>
                        <quantity>525</quantity>
				</Point>
				<Point>
					<position>64</position>
                        <quantity>514</quantity>
				</Point>
				<Point>
					<position>65</position>
                        <quantity>475</quantity>
				</Point>
				<Point>
					<position>66</position>
                        <quantity>476</quantity>
				</Point>
				<Point>
					<position>67</position>
                        <quantity>466</quantity>
				</Point>
				<Point>
					<position>68</position>
                        <quantity>440</quantity>
				</Point>
				<Point>
					<position>69</position>
                        <quantity>422</quantity>
				</Point>
				<Point>
					<position>70</position>
                        <quantity>416</quantity>
				</Point>
				<Point>
					<position>71</position>
                        <quantity>366</quantity>
				</Point>
				<Point>
					<position>72</position>
                        <quantity>334</quantity>
				</Point>
				<Point>
					<position>73</position>
                        <quantity>332</quantity>
				</Point>
				<Point>
					<position>74</position>
                        <quantity>342</quantity>
				</Point>
				<Point>
					<position>75</position>
                        <quantity>353</quantity>
				</Point>
				<Point>
					<position>76</position>
                        <quantity>343</quantity>
				</Point>
				<Point>
					<position>77</position>
                        <quantity>323</quantity>
				</Point>
				<Point>
					<position>78</position>
                        <quantity>312</quantity>
				</Point>
				<Point>
					<position>79</position>
                        <quantity>295</quantity>
				</Point>
				<Point>
					<position>80</position>
                        <quantity>298</quantity>
				</Point>
				<Point>
					<position>81</position>
                        <quantity>293</quantity>
				</Point>
				<Point>
					<position>82</position>
                        <quantity>294</quantity>
				</Point>
				<Point>
					<position>83</position>
                        <quantity>291</quantity>
				</Point>
				<Point>
					<position>84</position>
                        <quantity>308</quantity>
				</Point>
				<Point>
					<position>85</position>
                        <quantity>320</quantity>
				</Point>
				<Point>
					<position>86</position>
                        <quantity>295</quantity>
				</Point>
				<Point>
					<position>87</position>
                        <quantity>257</quantity>
				</Point>
				<Point>
					<position>88</position>
                        <quantity>225</quantity>
				</Point>
				<Point>
					<position>89</position>
                        <quantity>210</quantity>
				</Point>
				<Point>
					<position>90</position>
                        <quantity>194</quantity>
				</Point>
				<Point>
					<position>91</position>
                        <quantity>173</quantity>
				</Point>
				<Point>
					<position>92</position>
                        <quantity>157</quantity>
				</Point>
		</Period>
	</TimeSeries>
	<TimeSeries>
		<mRID>37</mRID>
		<businessType>A93</businessType>
		<objectAggregation>A08</objectAggregation>
		<outBiddingZone_Domain.mRID codingScheme="A01">10YNL----------L</outBiddingZone_Domain.mRID>
		<quantity_Measure_Unit.name>MAW</quantity_Measure_Unit.name>
		<curveType>A01</curveType>
		<MktPSRType>
			<psrType>B19</psrType>
		</MktPSRType>
		<Period>
			<timeInterval>
				<start>2020-03-18T00:00Z</start>
				<end>2020-03-18T23:00Z</end>
			</timeInterval>
			<resolution>PT15M</resolution>
				<Point>
					<position>1</position>
                        <quantity>0</quantity>
				</Point>
				<Point>
					<position>2</position>
                        <quantity>0</quantity>
				</Point>
				<Point>
					<position>3</position>
                        <quantity>0</quantity>
				</Point>
				<Point>
					<position>4</position>
                        <quantity>0</quantity>
				</Point>
				<Point>
					<position>5</position>
                        <quantity>0</quantity>
				</Point>
				<Point>
					<position>6</position>
                        <quantity>0</quantity>
				</Point>
				<Point>
					<position>7</position>
                        <quantity>0</quantity>
				</Point>
				<Point>
					<position>8</position>
                        <quantity>0</quantity>
				</Point>
				<Point>
					<position>9</position>
                        <quantity>0</quantity>
				</Point>
				<Point>
					<position>10</position>
                        <quantity>0</quantity>
				</Point>
				<Point>
					<position>11</position>
                        <quantity>0</quantity>
				</Point>
				<Point>
					<position>12</position>
                        <quantity>0</quantity>
				</Point>
				<Point>
					<position>13</position>
                        <quantity>0</quantity>
				</Point>
				<Point>
					<position>14</position>
                        <quantity>0</quantity>
				</Point>
				<Point>
					<position>15</position>
                        <quantity>0</quantity>
				</Point>
				<Point>
					<position>16</position>
                        <quantity>0</quantity>
				</Point>
				<Point>
					<position>17</position>
                        <quantity>0</quantity>
				</Point>
				<Point>
					<position>18</position>
                        <quantity>0</quantity>
				</Point>
				<Point>
					<position>19</position>
                        <quantity>0</quantity>
				</Point>
				<Point>
					<position>20</position>
                        <quantity>0</quantity>
				</Point>
				<Point>
					<position>21</position>
                        <quantity>0</quantity>
				</Point>
				<Point>
					<position>22</position>
                        <quantity>0</quantity>
				</Point>
				<Point>
					<position>23</position>
                        <quantity>0</quantity>
				</Point>
				<Point>
					<position>24</position>
                        <quantity>0</quantity>
				</Point>
				<Point>
					<position>25</position>
                        <quantity>0</quantity>
				</Point>
				<Point>
					<position>26</position>
                        <quantity>0</quantity>
				</Point>
				<Point>
					<position>27</position>
                        <quantity>0</quantity>
				</Point>
				<Point>
					<position>28</position>
                        <quantity>0</quantity>
				</Point>
				<Point>
					<position>29</position>
                        <quantity>0</quantity>
				</Point>
				<Point>
					<position>30</position>
                        <quantity>0</quantity>
				</Point>
				<Point>
					<position>31</position>
                        <quantity>0</quantity>
				</Point>
				<Point>
					<position>32</position>
                        <quantity>0</quantity>
				</Point>
				<Point>
					<position>33</position>
                        <quantity>0</quantity>
				</Point>
				<Point>
					<position>34</position>
                        <quantity>0</quantity>
				</Point>
				<Point>
					<position>35</position>
                        <quantity>0</quantity>
				</Point>
				<Point>
					<position>36</position>
                        <quantity>0</quantity>
				</Point>
				<Point>
					<position>37</position>
                        <quantity>0</quantity>
				</Point>
				<Point>
					<position>38</position>
                        <quantity>0</quantity>
				</Point>
				<Point>
					<position>39</position>
                        <quantity>0</quantity>
				</Point>
				<Point>
					<position>40</position>
                        <quantity>0</quantity>
				</Point>
				<Point>
					<position>41</position>
                        <quantity>0</quantity>
				</Point>
				<Point>
					<position>42</position>
                        <quantity>0</quantity>
				</Point>
				<Point>
					<position>43</position>
                        <quantity>0</quantity>
				</Point>
				<Point>
					<position>44</position>
                        <quantity>0</quantity>
				</Point>
				<Point>
					<position>45</position>
                        <quantity>0</quantity>
				</Point>
				<Point>
					<position>46</position>
                        <quantity>0</quantity>
				</Point>
				<Point>
					<position>47</position>
                        <quantity>0</quantity>
				</Point>
				<Point>
					<position>48</position>
                        <quantity>0</quantity>
				</Point>
				<Point>
					<position>49</position>
                        <quantity>0</quantity>
				</Point>
				<Point>
					<position>50</position>
                        <quantity>0</quantity>
				</Point>
				<Point>
					<position>51</position>
                        <quantity>0</quantity>
				</Point>
				<Point>
					<position>52</position>
                        <quantity>0</quantity>
				</Point>
				<Point>
					<position>53</position>
                        <quantity>0</quantity>
				</Point>
				<Point>
					<position>54</position>
                        <quantity>0</quantity>
				</Point>
				<Point>
					<position>55</position>
                        <quantity>0</quantity>
				</Point>
				<Point>
					<position>56</position>
                        <quantity>0</quantity>
				</Point>
				<Point>
					<position>57</position>
                        <quantity>0</quantity>
				</Point>
				<Point>
					<position>58</position>
                        <quantity>0</quantity>
				</Point>
				<Point>
					<position>59</position>
                        <quantity>0</quantity>
				</Point>
				<Point>
					<position>60</position>
                        <quantity>0</quantity>
				</Point>
				<Point>
					<position>61</position>
                        <quantity>0</quantity>
				</Point>
				<Point>
					<position>62</position>
                        <quantity>0</quantity>
				</Point>
				<Point>
					<position>63</position>
                        <quantity>0</quantity>
				</Point>
				<Point>
					<position>64</position>
                        <quantity>0</quantity>
				</Point>
				<Point>
					<position>65</position>
                        <quantity>1</quantity>
				</Point>
				<Point>
					<position>66</position>
                        <quantity>0</quantity>
				</Point>
				<Point>
					<position>67</position>
                        <quantity>0</quantity>
				</Point>
				<Point>
					<position>68</position>
                        <quantity>0</quantity>
				</Point>
				<Point>
					<position>69</position>
                        <quantity>0</quantity>
				</Point>
				<Point>
					<position>70</position>
                        <quantity>0</quantity>
				</Point>
				<Point>
					<position>71</position>
                        <quantity>0</quantity>
				</Point>
				<Point>
					<position>72</position>
                        <quantity>0</quantity>
				</Point>
				<Point>
					<position>73</position>
                        <quantity>0</quantity>
				</Point>
				<Point>
					<position>74</position>
                        <quantity>0</quantity>
				</Point>
				<Point>
					<position>75</position>
                        <quantity>0</quantity>
				</Point>
				<Point>
					<position>76</position>
                        <quantity>0</quantity>
				</Point>
				<Point>
					<position>77</position>
                        <quantity>0</quantity>
				</Point>
				<Point>
					<position>78</position>
                        <quantity>0</quantity>
				</Point>
				<Point>
					<position>79</position>
                        <quantity>0</quantity>
				</Point>
				<Point>
					<position>80</position>
                        <quantity>0</quantity>
				</Point>
				<Point>
					<position>81</position>
                        <quantity>0</quantity>
				</Point>
				<Point>
					<position>82</position>
                        <quantity>0</quantity>
				</Point>
				<Point>
					<position>83</position>
                        <quantity>0</quantity>
				</Point>
				<Point>
					<position>84</position>
                        <quantity>0</quantity>
				</Point>
				<Point>
					<position>85</position>
                        <quantity>0</quantity>
				</Point>
				<Point>
					<position>86</position>
                        <quantity>0</quantity>
				</Point>
				<Point>
					<position>87</position>
                        <quantity>0</quantity>
				</Point>
				<Point>
					<position>88</position>
                        <quantity>0</quantity>
				</Point>
				<Point>
					<position>89</position>
                        <quantity>0</quantity>
				</Point>
				<Point>
					<position>90</position>
                        <quantity>0</quantity>
				</Point>
				<Point>
					<position>91</position>
                        <quantity>0</quantity>
				</Point>
				<Point>
					<position>92</position>
                        <quantity>0</quantity>
				</Point>
		</Period>
	</TimeSeries>
	<TimeSeries>
		<mRID>38</mRID>
		<businessType>A93</businessType>
		<objectAggregation>A08</objectAggregation>
		<inBiddingZone_Domain.mRID codingScheme="A01">10YNL----------L</inBiddingZone_Domain.mRID>
		<quantity_Measure_Unit.name>MAW</quantity_Measure_Unit.name>
		<curveType>A01</curveType>
		<MktPSRType>
			<psrType>B19</psrType>
		</MktPSRType>
		<Period>
			<timeInterval>
				<start>2020-03-18T23:00Z</start>
				<end>2020-03-19T00:00Z</end>
			</timeInterval>
			<resolution>PT15M</resolution>
				<Point>
					<position>1</position>
                        <quantity>143</quantity>
				</Point>
				<Point>
					<position>2</position>
                        <quantity>115</quantity>
				</Point>
				<Point>
					<position>3</position>
                        <quantity>93</quantity>
				</Point>
				<Point>
					<position>4</position>
                        <quantity>78</quantity>
				</Point>
		</Period>
	</TimeSeries>
	<TimeSeries>
		<mRID>39</mRID>
		<businessType>A93</businessType>
		<objectAggregation>A08</objectAggregation>
		<outBiddingZone_Domain.mRID codingScheme="A01">10YNL----------L</outBiddingZone_Domain.mRID>
		<quantity_Measure_Unit.name>MAW</quantity_Measure_Unit.name>
		<curveType>A01</curveType>
		<MktPSRType>
			<psrType>B19</psrType>
		</MktPSRType>
		<Period>
			<timeInterval>
				<start>2020-03-18T23:00Z</start>
				<end>2020-03-19T00:00Z</end>
			</timeInterval>
			<resolution>PT15M</resolution>
				<Point>
					<position>1</position>
                        <quantity>0</quantity>
				</Point>
				<Point>
					<position>2</position>
                        <quantity>0</quantity>
				</Point>
				<Point>
					<position>3</position>
                        <quantity>0</quantity>
				</Point>
				<Point>
					<position>4</position>
                        <quantity>0</quantity>
				</Point>
		</Period>
	</TimeSeries>
</GL_MarketDocument>